\BOOKMARK [1][-]{Doc-Start}{Inhaltsverzeichnis}{}% 1
\BOOKMARK [1][-]{section.I}{Einf\374hrung}{}% 2
\BOOKMARK [2][-]{subsection.I.1}{Klassisches Losgr\366\337enverfahren}{section.I}% 3
\BOOKMARK [2][-]{subsection.I.2}{Mehrproduktproduktion}{section.I}% 4
\BOOKMARK [1][-]{section.II}{Installation}{}% 5
\BOOKMARK [1][-]{section.III}{Programmablauf}{}% 6
\BOOKMARK [2][-]{subsection.III.1}{Allgemein}{section.III}% 7
\BOOKMARK [3][-]{subsubsection.III.1.1}{Programmeingaben}{subsection.III.1}% 8
\BOOKMARK [3][-]{subsubsection.III.1.2}{Allgemeine Funktionen}{subsection.III.1}% 9
\BOOKMARK [2][-]{subsection.III.2}{Klassische Losgr\366\337enplanung}{section.III}% 10
\BOOKMARK [2][-]{subsection.III.3}{Mehrprodukt-Losgr\366\337enplanung}{section.III}% 11
\BOOKMARK [1][-]{section*.18}{Verzeichnisse}{}% 12
\BOOKMARK [1][-]{section.V}{Literaturverzeichnis}{}% 13
\BOOKMARK [1][-]{section.VI}{Abbildungsverzeichnis}{}% 14
\BOOKMARK [1][-]{section.VII}{Tabellenverzeichnis}{}% 15
\BOOKMARK [1][-]{section.VIII}{Abk\374rzungsverzeichnis}{}% 16
\BOOKMARK [1][-]{section*.20}{Anhang}{}% 17
\BOOKMARK [1][-]{appendix.A}{Beispielimport}{}% 18
\BOOKMARK [2][-]{subsection.A.1}{Format}{appendix.A}% 19
\BOOKMARK [2][-]{subsection.A.2}{Beispiel: Fallstudie Tempelmeier}{appendix.A}% 20
