\BOOKMARK [1][-]{Doc-Start}{Inhaltsverzeichnis}{}% 1
\BOOKMARK [1][-]{section.I}{Einf\374hrung}{}% 2
\BOOKMARK [2][-]{subsection.I.1}{Aufbau des Dokuments}{section.I}% 3
\BOOKMARK [2][-]{subsection.I.2}{Problemstellung HPPLAN}{section.I}% 4
\BOOKMARK [2][-]{subsection.I.3}{Problemstellung CLSP}{section.I}% 5
\BOOKMARK [2][-]{subsection.I.4}{Beschreibung der Software}{section.I}% 6
\BOOKMARK [1][-]{section.II}{Aufbau der Software}{}% 7
\BOOKMARK [2][-]{subsection.II.1}{Verwendete Techniken}{section.II}% 8
\BOOKMARK [2][-]{subsection.II.2}{Komponenten}{section.II}% 9
\BOOKMARK [3][-]{subsubsection.II.2.1}{Allgemein}{subsection.II.2}% 10
\BOOKMARK [3][-]{subsubsection.II.2.2}{HPPLAN}{subsection.II.2}% 11
\BOOKMARK [3][-]{subsubsection.II.2.3}{CLSP}{subsection.II.2}% 12
\BOOKMARK [1][-]{section.III}{Implementierung}{}% 13
\BOOKMARK [2][-]{subsection.III.1}{Verwendete Bibliotheken}{section.III}% 14
\BOOKMARK [2][-]{subsection.III.2}{Erzeugung DAT-Dateien}{section.III}% 15
\BOOKMARK [2][-]{subsection.III.3}{Laden von DAT-Dateien}{section.III}% 16
\BOOKMARK [2][-]{subsection.III.4}{Berechnung}{section.III}% 17
\BOOKMARK [3][-]{subsubsection.III.4.1}{CLSP}{subsection.III.4}% 18
\BOOKMARK [3][-]{subsubsection.III.4.2}{HPPLAN}{subsection.III.4}% 19
\BOOKMARK [2][-]{subsection.III.5}{Stapelverarbeitung}{section.III}% 20
\BOOKMARK [1][-]{section.IV}{Abk\374rzungsverzeichnis}{}% 21
