This is pdfTeX, Version 3.14159265-2.6-1.40.15 (MiKTeX 2.9) (preloaded format=pdflatex 2015.2.10)  10 FEB 2016 18:25
entering extended mode
**user_documentation_hpplan.tex
(user_documentation_hpplan.tex
LaTeX2e <2014/05/01>
Babel <3.9l> and hyphenation patterns for 68 languages loaded.
("C:\Users\fattd\Apps\Latex App\MiKTeX\tex\latex\koma-script\scrartcl.cls"
Document Class: scrartcl 2015/01/14 v3.15 KOMA-Script document class (article)
("C:\Users\fattd\Apps\Latex App\MiKTeX\tex\latex\koma-script\scrkbase.sty"
Package: scrkbase 2015/01/14 v3.15 KOMA-Script package (KOMA-Script-dependent b
asics and keyval usage)

("C:\Users\fattd\Apps\Latex App\MiKTeX\tex\latex\koma-script\scrbase.sty"
Package: scrbase 2015/01/14 v3.15 KOMA-Script package (KOMA-Script-independent 
basics and keyval usage)

("C:\Users\fattd\Apps\Latex App\MiKTeX\tex\latex\graphics\keyval.sty"
Package: keyval 2014/10/28 v1.15 key=value parser (DPC)
\KV@toks@=\toks14
)
("C:\Users\fattd\Apps\Latex App\MiKTeX\tex\latex\koma-script\scrlfile.sty"
Package: scrlfile 2015/01/14 v3.15 KOMA-Script package (loading files)

Package scrlfile, 2015/01/14 v3.15 KOMA-Script package (loading files)
                  Copyright (C) Markus Kohm

))) ("C:\Users\fattd\Apps\Latex App\MiKTeX\tex\latex\koma-script\tocbasic.sty"
Package: tocbasic 2015/01/14 v3.15 KOMA-Script package (handling toc-files)
)
Package tocbasic Info: omitting babel extension for `toc'
(tocbasic)             because of feature `nobabel' available
(tocbasic)             for `toc' on input line 116.
Package tocbasic Info: omitting babel extension for `lof'
(tocbasic)             because of feature `nobabel' available
(tocbasic)             for `lof' on input line 117.
Package tocbasic Info: omitting babel extension for `lot'
(tocbasic)             because of feature `nobabel' available
(tocbasic)             for `lot' on input line 118.
Package scrartcl Info: You've used standard option `12pt'.
(scrartcl)             This is correct!
(scrartcl)             Internally I'm using `fontsize=12pt'.
(scrartcl)             If you'd like to set the option with \KOMAoptions,
(scrartcl)             you'd have to use `fontsize=12pt' there
(scrartcl)             instead of `12pt', too.
Package tocbasic Info: defining new hook before starting `lof' on input line 11
82.
Package tocbasic Info: defining new hook before starting `lot' on input line 11
82.
Class scrartcl Info: File `scrsize12pt.clo' used to setup font sizes on input l
ine 1563.
("C:\Users\fattd\Apps\Latex App\MiKTeX\tex\latex\koma-script\scrsize12pt.clo"
File: scrsize12pt.clo 2015/01/14 v3.15 KOMA-Script font size class option (12pt
)
)
("C:\Users\fattd\Apps\Latex App\MiKTeX\tex\latex\koma-script\typearea.sty"
Package: typearea 2015/01/14 v3.15 KOMA-Script package (type area)

Package typearea, 2015/01/14 v3.15 KOMA-Script package (type area)
                  Copyright (C) Frank Neukam, 1992-1994
                  Copyright (C) Markus Kohm, 1994-

\ta@bcor=\skip41
\ta@div=\count79
Package typearea Info: You've used standard option `a4paper'.
(typearea)             This is correct!
(typearea)             Internally I'm using `paper=a4'.
(typearea)             If you'd like to set the option with \KOMAoptions,
(typearea)             you'd have to use `paper=a4' there
(typearea)             instead of `a4paper', too.
\ta@hblk=\skip42
\ta@vblk=\skip43
\ta@temp=\skip44
\footheight=\skip45
Package typearea Info: These are the values describing the layout:
(typearea)             DIV  = 12
(typearea)             BCOR = 0.0pt
(typearea)             \paperwidth      = 597.50793pt
(typearea)              \textwidth      = 448.13095pt
(typearea)              DIV departure   = -6%
(typearea)              \evensidemargin = 2.4185pt
(typearea)              \oddsidemargin  = 2.4185pt
(typearea)             \paperheight     = 845.04694pt
(typearea)              \textheight     = 635.5pt
(typearea)              \topmargin      = -41.72441pt
(typearea)              \headheight     = 18.125pt
(typearea)              \headsep        = 21.75pt
(typearea)              \topskip        = 12.0pt
(typearea)              \footskip       = 50.75pt
(typearea)              \baselineskip   = 14.5pt
(typearea)              on input line 1341.
)
\c@part=\count80
\c@section=\count81
\c@subsection=\count82
\c@subsubsection=\count83
\c@paragraph=\count84
\c@subparagraph=\count85
\abovecaptionskip=\skip46
\belowcaptionskip=\skip47
\c@pti@nb@sid@b@x=\box26
\c@figure=\count86
\c@table=\count87
\bibindent=\dimen102
) ("C:\Users\fattd\Apps\Latex App\MiKTeX\tex\latex\babel\babel.sty"
Package: babel 2014/09/25 3.9l The Babel package

*************************************
* Local config file bblopts.cfg used
*
("C:\Users\fattd\Apps\Latex App\MiKTeX\tex\latex\00miktex\bblopts.cfg"
File: bblopts.cfg 2006/07/31 v1.0 MiKTeX 'babel' configuration
)
("C:\Users\fattd\Apps\Latex App\MiKTeX\tex\latex\babel-german\ngerman.ldf"
Language: ngerman 2013/12/13 v2.7 German support for babel (new orthography)

("C:\Users\fattd\Apps\Latex App\MiKTeX\tex\latex\babel-german\ngermanb.ldf"
Language: ngermanb 2013/12/13 v2.7 German support for babel (new orthography)

("C:\Users\fattd\Apps\Latex App\MiKTeX\tex\latex\babel\babel.def"
File: babel.def 2014/09/25 3.9l Babel common definitions
\babel@savecnt=\count88
\U@D=\dimen103
)
\l@naustrian = a dialect from \language\l@ngerman 
\l@nswissgerman = a dialect from \language\l@ngerman 
Package babel Info: Making " an active character on input line 88.
)))
("C:\Users\fattd\Apps\Latex App\MiKTeX\tex\latex\base\inputenc.sty"
Package: inputenc 2014/04/30 v1.2b Input encoding file
\inpenc@prehook=\toks15
\inpenc@posthook=\toks16

("C:\Users\fattd\Apps\Latex App\MiKTeX\tex\latex\base\utf8.def"
File: utf8.def 2014/09/29 v1.1m UTF-8 support for inputenc
Now handling font encoding OML ...
... no UTF-8 mapping file for font encoding OML
Now handling font encoding T1 ...
... processing UTF-8 mapping file for font encoding T1

("C:\Users\fattd\Apps\Latex App\MiKTeX\tex\latex\base\t1enc.dfu"
File: t1enc.dfu 2014/09/29 v1.1m UTF-8 support for inputenc
   defining Unicode char U+00A1 (decimal 161)
   defining Unicode char U+00A3 (decimal 163)
   defining Unicode char U+00AB (decimal 171)
   defining Unicode char U+00BB (decimal 187)
   defining Unicode char U+00BF (decimal 191)
   defining Unicode char U+00C0 (decimal 192)
   defining Unicode char U+00C1 (decimal 193)
   defining Unicode char U+00C2 (decimal 194)
   defining Unicode char U+00C3 (decimal 195)
   defining Unicode char U+00C4 (decimal 196)
   defining Unicode char U+00C5 (decimal 197)
   defining Unicode char U+00C6 (decimal 198)
   defining Unicode char U+00C7 (decimal 199)
   defining Unicode char U+00C8 (decimal 200)
   defining Unicode char U+00C9 (decimal 201)
   defining Unicode char U+00CA (decimal 202)
   defining Unicode char U+00CB (decimal 203)
   defining Unicode char U+00CC (decimal 204)
   defining Unicode char U+00CD (decimal 205)
   defining Unicode char U+00CE (decimal 206)
   defining Unicode char U+00CF (decimal 207)
   defining Unicode char U+00D0 (decimal 208)
   defining Unicode char U+00D1 (decimal 209)
   defining Unicode char U+00D2 (decimal 210)
   defining Unicode char U+00D3 (decimal 211)
   defining Unicode char U+00D4 (decimal 212)
   defining Unicode char U+00D5 (decimal 213)
   defining Unicode char U+00D6 (decimal 214)
   defining Unicode char U+00D8 (decimal 216)
   defining Unicode char U+00D9 (decimal 217)
   defining Unicode char U+00DA (decimal 218)
   defining Unicode char U+00DB (decimal 219)
   defining Unicode char U+00DC (decimal 220)
   defining Unicode char U+00DD (decimal 221)
   defining Unicode char U+00DE (decimal 222)
   defining Unicode char U+00DF (decimal 223)
   defining Unicode char U+00E0 (decimal 224)
   defining Unicode char U+00E1 (decimal 225)
   defining Unicode char U+00E2 (decimal 226)
   defining Unicode char U+00E3 (decimal 227)
   defining Unicode char U+00E4 (decimal 228)
   defining Unicode char U+00E5 (decimal 229)
   defining Unicode char U+00E6 (decimal 230)
   defining Unicode char U+00E7 (decimal 231)
   defining Unicode char U+00E8 (decimal 232)
   defining Unicode char U+00E9 (decimal 233)
   defining Unicode char U+00EA (decimal 234)
   defining Unicode char U+00EB (decimal 235)
   defining Unicode char U+00EC (decimal 236)
   defining Unicode char U+00ED (decimal 237)
   defining Unicode char U+00EE (decimal 238)
   defining Unicode char U+00EF (decimal 239)
   defining Unicode char U+00F0 (decimal 240)
   defining Unicode char U+00F1 (decimal 241)
   defining Unicode char U+00F2 (decimal 242)
   defining Unicode char U+00F3 (decimal 243)
   defining Unicode char U+00F4 (decimal 244)
   defining Unicode char U+00F5 (decimal 245)
   defining Unicode char U+00F6 (decimal 246)
   defining Unicode char U+00F8 (decimal 248)
   defining Unicode char U+00F9 (decimal 249)
   defining Unicode char U+00FA (decimal 250)
   defining Unicode char U+00FB (decimal 251)
   defining Unicode char U+00FC (decimal 252)
   defining Unicode char U+00FD (decimal 253)
   defining Unicode char U+00FE (decimal 254)
   defining Unicode char U+00FF (decimal 255)
   defining Unicode char U+0102 (decimal 258)
   defining Unicode char U+0103 (decimal 259)
   defining Unicode char U+0104 (decimal 260)
   defining Unicode char U+0105 (decimal 261)
   defining Unicode char U+0106 (decimal 262)
   defining Unicode char U+0107 (decimal 263)
   defining Unicode char U+010C (decimal 268)
   defining Unicode char U+010D (decimal 269)
   defining Unicode char U+010E (decimal 270)
   defining Unicode char U+010F (decimal 271)
   defining Unicode char U+0110 (decimal 272)
   defining Unicode char U+0111 (decimal 273)
   defining Unicode char U+0118 (decimal 280)
   defining Unicode char U+0119 (decimal 281)
   defining Unicode char U+011A (decimal 282)
   defining Unicode char U+011B (decimal 283)
   defining Unicode char U+011E (decimal 286)
   defining Unicode char U+011F (decimal 287)
   defining Unicode char U+0130 (decimal 304)
   defining Unicode char U+0131 (decimal 305)
   defining Unicode char U+0132 (decimal 306)
   defining Unicode char U+0133 (decimal 307)
   defining Unicode char U+0139 (decimal 313)
   defining Unicode char U+013A (decimal 314)
   defining Unicode char U+013D (decimal 317)
   defining Unicode char U+013E (decimal 318)
   defining Unicode char U+0141 (decimal 321)
   defining Unicode char U+0142 (decimal 322)
   defining Unicode char U+0143 (decimal 323)
   defining Unicode char U+0144 (decimal 324)
   defining Unicode char U+0147 (decimal 327)
   defining Unicode char U+0148 (decimal 328)
   defining Unicode char U+014A (decimal 330)
   defining Unicode char U+014B (decimal 331)
   defining Unicode char U+0150 (decimal 336)
   defining Unicode char U+0151 (decimal 337)
   defining Unicode char U+0152 (decimal 338)
   defining Unicode char U+0153 (decimal 339)
   defining Unicode char U+0154 (decimal 340)
   defining Unicode char U+0155 (decimal 341)
   defining Unicode char U+0158 (decimal 344)
   defining Unicode char U+0159 (decimal 345)
   defining Unicode char U+015A (decimal 346)
   defining Unicode char U+015B (decimal 347)
   defining Unicode char U+015E (decimal 350)
   defining Unicode char U+015F (decimal 351)
   defining Unicode char U+0160 (decimal 352)
   defining Unicode char U+0161 (decimal 353)
   defining Unicode char U+0162 (decimal 354)
   defining Unicode char U+0163 (decimal 355)
   defining Unicode char U+0164 (decimal 356)
   defining Unicode char U+0165 (decimal 357)
   defining Unicode char U+016E (decimal 366)
   defining Unicode char U+016F (decimal 367)
   defining Unicode char U+0170 (decimal 368)
   defining Unicode char U+0171 (decimal 369)
   defining Unicode char U+0178 (decimal 376)
   defining Unicode char U+0179 (decimal 377)
   defining Unicode char U+017A (decimal 378)
   defining Unicode char U+017B (decimal 379)
   defining Unicode char U+017C (decimal 380)
   defining Unicode char U+017D (decimal 381)
   defining Unicode char U+017E (decimal 382)
   defining Unicode char U+200C (decimal 8204)
   defining Unicode char U+2013 (decimal 8211)
   defining Unicode char U+2014 (decimal 8212)
   defining Unicode char U+2018 (decimal 8216)
   defining Unicode char U+2019 (decimal 8217)
   defining Unicode char U+201A (decimal 8218)
   defining Unicode char U+201C (decimal 8220)
   defining Unicode char U+201D (decimal 8221)
   defining Unicode char U+201E (decimal 8222)
   defining Unicode char U+2030 (decimal 8240)
   defining Unicode char U+2031 (decimal 8241)
   defining Unicode char U+2039 (decimal 8249)
   defining Unicode char U+203A (decimal 8250)
   defining Unicode char U+2423 (decimal 9251)
)
Now handling font encoding OT1 ...
... processing UTF-8 mapping file for font encoding OT1

("C:\Users\fattd\Apps\Latex App\MiKTeX\tex\latex\base\ot1enc.dfu"
File: ot1enc.dfu 2014/09/29 v1.1m UTF-8 support for inputenc
   defining Unicode char U+00A1 (decimal 161)
   defining Unicode char U+00A3 (decimal 163)
   defining Unicode char U+00B8 (decimal 184)
   defining Unicode char U+00BF (decimal 191)
   defining Unicode char U+00C5 (decimal 197)
   defining Unicode char U+00C6 (decimal 198)
   defining Unicode char U+00D8 (decimal 216)
   defining Unicode char U+00DF (decimal 223)
   defining Unicode char U+00E6 (decimal 230)
   defining Unicode char U+00EC (decimal 236)
   defining Unicode char U+00ED (decimal 237)
   defining Unicode char U+00EE (decimal 238)
   defining Unicode char U+00EF (decimal 239)
   defining Unicode char U+00F8 (decimal 248)
   defining Unicode char U+0131 (decimal 305)
   defining Unicode char U+0141 (decimal 321)
   defining Unicode char U+0142 (decimal 322)
   defining Unicode char U+0152 (decimal 338)
   defining Unicode char U+0153 (decimal 339)
   defining Unicode char U+2013 (decimal 8211)
   defining Unicode char U+2014 (decimal 8212)
   defining Unicode char U+2018 (decimal 8216)
   defining Unicode char U+2019 (decimal 8217)
   defining Unicode char U+201C (decimal 8220)
   defining Unicode char U+201D (decimal 8221)
)
Now handling font encoding OMS ...
... processing UTF-8 mapping file for font encoding OMS

("C:\Users\fattd\Apps\Latex App\MiKTeX\tex\latex\base\omsenc.dfu"
File: omsenc.dfu 2014/09/29 v1.1m UTF-8 support for inputenc
   defining Unicode char U+00A7 (decimal 167)
   defining Unicode char U+00B6 (decimal 182)
   defining Unicode char U+00B7 (decimal 183)
   defining Unicode char U+2020 (decimal 8224)
   defining Unicode char U+2021 (decimal 8225)
   defining Unicode char U+2022 (decimal 8226)
)
Now handling font encoding OMX ...
... no UTF-8 mapping file for font encoding OMX
Now handling font encoding U ...
... no UTF-8 mapping file for font encoding U
   defining Unicode char U+00A9 (decimal 169)
   defining Unicode char U+00AA (decimal 170)
   defining Unicode char U+00AE (decimal 174)
   defining Unicode char U+00BA (decimal 186)
   defining Unicode char U+02C6 (decimal 710)
   defining Unicode char U+02DC (decimal 732)
   defining Unicode char U+200C (decimal 8204)
   defining Unicode char U+2026 (decimal 8230)
   defining Unicode char U+2122 (decimal 8482)
   defining Unicode char U+2423 (decimal 9251)
))
("C:\Users\fattd\Apps\Latex App\MiKTeX\tex\latex\amsmath\amsmath.sty"
Package: amsmath 2013/01/14 v2.14 AMS math features
\@mathmargin=\skip48

For additional information on amsmath, use the `?' option.
("C:\Users\fattd\Apps\Latex App\MiKTeX\tex\latex\amsmath\amstext.sty"
Package: amstext 2000/06/29 v2.01

("C:\Users\fattd\Apps\Latex App\MiKTeX\tex\latex\amsmath\amsgen.sty"
File: amsgen.sty 1999/11/30 v2.0
\@emptytoks=\toks17
\ex@=\dimen104
))
("C:\Users\fattd\Apps\Latex App\MiKTeX\tex\latex\amsmath\amsbsy.sty"
Package: amsbsy 1999/11/29 v1.2d
\pmbraise@=\dimen105
)
("C:\Users\fattd\Apps\Latex App\MiKTeX\tex\latex\amsmath\amsopn.sty"
Package: amsopn 1999/12/14 v2.01 operator names
)
\inf@bad=\count89
LaTeX Info: Redefining \frac on input line 210.
\uproot@=\count90
\leftroot@=\count91
LaTeX Info: Redefining \overline on input line 306.
\classnum@=\count92
\DOTSCASE@=\count93
LaTeX Info: Redefining \ldots on input line 378.
LaTeX Info: Redefining \dots on input line 381.
LaTeX Info: Redefining \cdots on input line 466.
\Mathstrutbox@=\box27
\strutbox@=\box28
\big@size=\dimen106
LaTeX Font Info:    Redeclaring font encoding OML on input line 566.
LaTeX Font Info:    Redeclaring font encoding OMS on input line 567.
\macc@depth=\count94
\c@MaxMatrixCols=\count95
\dotsspace@=\muskip10
\c@parentequation=\count96
\dspbrk@lvl=\count97
\tag@help=\toks18
\row@=\count98
\column@=\count99
\maxfields@=\count100
\andhelp@=\toks19
\eqnshift@=\dimen107
\alignsep@=\dimen108
\tagshift@=\dimen109
\tagwidth@=\dimen110
\totwidth@=\dimen111
\lineht@=\dimen112
\@envbody=\toks20
\multlinegap=\skip49
\multlinetaggap=\skip50
\mathdisplay@stack=\toks21
LaTeX Info: Redefining \[ on input line 2665.
LaTeX Info: Redefining \] on input line 2666.
)
("C:\Users\fattd\Apps\Latex App\MiKTeX\tex\latex\ncctools\nccmath.sty"
Package: nccmath 2005/02/21 v1.2 Additional Math Commands (NCC)
\NCC@fracrulewidth=\dimen113
)
("C:\Users\fattd\Apps\Latex App\MiKTeX\tex\latex\amsfonts\amsfonts.sty"
Package: amsfonts 2013/01/14 v3.01 Basic AMSFonts support
\symAMSa=\mathgroup4
\symAMSb=\mathgroup5
LaTeX Font Info:    Overwriting math alphabet `\mathfrak' in version `bold'
(Font)                  U/euf/m/n --> U/euf/b/n on input line 106.
)
("C:\Users\fattd\Apps\Latex App\MiKTeX\tex\latex\amsfonts\amssymb.sty"
Package: amssymb 2013/01/14 v3.01 AMS font symbols
)
("C:\Users\fattd\Apps\Latex App\MiKTeX\tex\latex\graphics\graphicx.sty"
Package: graphicx 2014/10/28 v1.0g Enhanced LaTeX Graphics (DPC,SPQR)

("C:\Users\fattd\Apps\Latex App\MiKTeX\tex\latex\graphics\graphics.sty"
Package: graphics 2014/10/28 v1.0p Standard LaTeX Graphics (DPC,SPQR)

("C:\Users\fattd\Apps\Latex App\MiKTeX\tex\latex\graphics\trig.sty"
Package: trig 1999/03/16 v1.09 sin cos tan (DPC)
)
("C:\Users\fattd\Apps\Latex App\MiKTeX\tex\latex\00miktex\graphics.cfg"
File: graphics.cfg 2007/01/18 v1.5 graphics configuration of teTeX/TeXLive
)
Package graphics Info: Driver file: pdftex.def on input line 91.

("C:\Users\fattd\Apps\Latex App\MiKTeX\tex\latex\pdftex-def\pdftex.def"
File: pdftex.def 2011/05/27 v0.06d Graphics/color for pdfTeX

("C:\Users\fattd\Apps\Latex App\MiKTeX\tex\generic\oberdiek\infwarerr.sty"
Package: infwarerr 2010/04/08 v1.3 Providing info/warning/error messages (HO)
)
("C:\Users\fattd\Apps\Latex App\MiKTeX\tex\generic\oberdiek\ltxcmds.sty"
Package: ltxcmds 2011/11/09 v1.22 LaTeX kernel commands for general use (HO)
)
\Gread@gobject=\count101
))
\Gin@req@height=\dimen114
\Gin@req@width=\dimen115
)

Class scrartcl Warning: Usage of package `fancyhdr' together
(scrartcl)              with a KOMA-Script class is not recommended.
(scrartcl)              I'd suggest to use 
(scrartcl)              package `scrpage2' or `scrlayer-scrpage'.
(scrartcl)              Nevertheless, using requested
(scrartcl)              package `fancyhdr' on input line 16.

("C:\Users\fattd\Apps\Latex App\MiKTeX\tex\latex\fancyhdr\fancyhdr.sty"
\fancy@headwidth=\skip51
\f@ncyO@elh=\skip52
\f@ncyO@erh=\skip53
\f@ncyO@olh=\skip54
\f@ncyO@orh=\skip55
\f@ncyO@elf=\skip56
\f@ncyO@erf=\skip57
\f@ncyO@olf=\skip58
\f@ncyO@orf=\skip59
)
("C:\Users\fattd\Apps\Latex App\MiKTeX\tex\latex\tools\tabularx.sty"
Package: tabularx 2014/10/28 v2.10 `tabularx' package (DPC)

("C:\Users\fattd\Apps\Latex App\MiKTeX\tex\latex\tools\array.sty"
Package: array 2014/10/28 v2.4c Tabular extension package (FMi)
\col@sep=\dimen116
\extrarowheight=\dimen117
\NC@list=\toks22
\extratabsurround=\skip60
\backup@length=\skip61
)
\TX@col@width=\dimen118
\TX@old@table=\dimen119
\TX@old@col=\dimen120
\TX@target=\dimen121
\TX@delta=\dimen122
\TX@cols=\count102
\TX@ftn=\toks23
)
("C:\Users\fattd\Apps\Latex App\MiKTeX\tex\latex\geometry\geometry.sty"
Package: geometry 2010/09/12 v5.6 Page Geometry

("C:\Users\fattd\Apps\Latex App\MiKTeX\tex\generic\oberdiek\ifpdf.sty"
Package: ifpdf 2011/01/30 v2.3 Provides the ifpdf switch (HO)
Package ifpdf Info: pdfTeX in PDF mode is detected.
)
("C:\Users\fattd\Apps\Latex App\MiKTeX\tex\generic\oberdiek\ifvtex.sty"
Package: ifvtex 2010/03/01 v1.5 Detect VTeX and its facilities (HO)
Package ifvtex Info: VTeX not detected.
)
("C:\Users\fattd\Apps\Latex App\MiKTeX\tex\generic\ifxetex\ifxetex.sty"
Package: ifxetex 2010/09/12 v0.6 Provides ifxetex conditional
)
\Gm@cnth=\count103
\Gm@cntv=\count104
\c@Gm@tempcnt=\count105
\Gm@bindingoffset=\dimen123
\Gm@wd@mp=\dimen124
\Gm@odd@mp=\dimen125
\Gm@even@mp=\dimen126
\Gm@layoutwidth=\dimen127
\Gm@layoutheight=\dimen128
\Gm@layouthoffset=\dimen129
\Gm@layoutvoffset=\dimen130
\Gm@dimlist=\toks24

("C:\Users\fattd\Apps\Latex App\MiKTeX\tex\latex\geometry\geometry.cfg"))
("C:\Users\fattd\Apps\Latex App\MiKTeX\tex\latex\setspace\setspace.sty"
Package: setspace 2011/12/19 v6.7a set line spacing
)
("C:\Users\fattd\Apps\Latex App\MiKTeX\tex\latex\eurosym\eurosym.sty"
Package: eurosym 1998/08/06 v1.1 European currency symbol ``Euro''
\@eurobox=\box29
)
("C:\Users\fattd\Apps\Latex App\MiKTeX\tex\latex\acronym\acronym.sty"
Package: acronym 2014/09/29 v1.40 Support for acronyms (Tobias Oetiker)

("C:\Users\fattd\Apps\Latex App\MiKTeX\tex\latex\bigfoot\suffix.sty"
Package: suffix 2006/07/15 1.5a Variant command support
)
("C:\Users\fattd\Apps\Latex App\MiKTeX\tex\latex\xstring\xstring.sty"
("C:\Users\fattd\Apps\Latex App\MiKTeX\tex\generic\xstring\xstring.tex"
\@xs@message=\write3
\integerpart=\count106
\decimalpart=\count107
)
Package: xstring 2013/10/13  v1.7c  String manipulations (C Tellechea)
)
\AC@clearlist=\toks25
)
("C:\Users\fattd\Apps\Latex App\MiKTeX\tex\latex\subfig\subfig.sty"
Package: subfig 2005/06/28 ver: 1.3 subfig package

("C:\Users\fattd\Apps\Latex App\MiKTeX\tex\latex\caption\caption.sty"
Package: caption 2013/05/02 v3.3-89 Customizing captions (AR)

("C:\Users\fattd\Apps\Latex App\MiKTeX\tex\latex\caption\caption3.sty"
Package: caption3 2013/05/02 v1.6-88 caption3 kernel (AR)
Package caption3 Info: TeX engine: e-TeX on input line 57.
\captionmargin=\dimen131
\captionmargin@=\dimen132
\captionwidth=\dimen133
\caption@tempdima=\dimen134
\caption@indent=\dimen135
\caption@parindent=\dimen136
\caption@hangindent=\dimen137
)
Package caption Info: KOMA-Script document class.
\c@ContinuedFloat=\count108
)
\c@KVtest=\count109
\sf@farskip=\skip62
\sf@captopadj=\dimen138
\sf@capskip=\skip63
\sf@nearskip=\skip64
\c@subfigure=\count110
\c@subfigure@save=\count111
\c@lofdepth=\count112
\c@subtable=\count113
\c@subtable@save=\count114
\c@lotdepth=\count115
\sf@top=\skip65
\sf@bottom=\skip66
)
("C:\Users\fattd\Apps\Latex App\MiKTeX\tex\latex\floatflt\floatflt.sty"
Package: floatflt 1997/07/16 v. 1.31
\c@OptionTest=\count116
\figbox=\box30
\tabbox=\box31
\pagebox=\box32
\ffigcount=\count117
\ftabcount=\count118
\fftest=\count119
\hangcount=\count120
\nosuccesstryfig=\count121
\nosuccesstrytab=\count122
\figgutter=\dimen139
\tabgutter=\dimen140
\htdone=\dimen141
\pageht=\dimen142
\startpageht=\dimen143
\tabbredd=\dimen144
\floatfltwidth=\dimen145
\fltitemwidth=\dimen146
\outputpretest=\toks26
)
("C:\Users\fattd\Apps\Latex App\MiKTeX\tex\latex\graphics\color.sty"
Package: color 2014/10/28 v1.1a Standard LaTeX Color (DPC)

("C:\Users\fattd\Apps\Latex App\MiKTeX\tex\latex\00miktex\color.cfg"
File: color.cfg 2007/01/18 v1.5 color configuration of teTeX/TeXLive
)
Package color Info: Driver file: pdftex.def on input line 137.

("C:\Users\fattd\Apps\Latex App\MiKTeX\tex\latex\graphics\dvipsnam.def"
File: dvipsnam.def 2014/10/14 v3.0j Driver-dependent file (DPC,SPQR)
))
("C:\Users\fattd\Apps\Latex App\MiKTeX\tex\latex\colortbl\colortbl.sty"
Package: colortbl 2012/02/13 v1.0a Color table columns (DPC)
\everycr=\toks27
\minrowclearance=\skip67
)
("C:\Users\fattd\Apps\Latex App\MiKTeX\tex\latex\xcolor\xcolor.sty"
Package: xcolor 2007/01/21 v2.11 LaTeX color extensions (UK)

("C:\Users\fattd\Apps\Latex App\MiKTeX\tex\latex\00miktex\color.cfg"
File: color.cfg 2007/01/18 v1.5 color configuration of teTeX/TeXLive
)
Package xcolor Info: Driver file: pdftex.def on input line 225.
LaTeX Info: Redefining \color on input line 702.
Package xcolor Info: Model `cmy' substituted by `cmy0' on input line 1337.
Package xcolor Info: Model `hsb' substituted by `rgb' on input line 1341.
Package xcolor Info: Model `RGB' extended on input line 1353.
Package xcolor Info: Model `HTML' substituted by `rgb' on input line 1355.
Package xcolor Info: Model `Hsb' substituted by `hsb' on input line 1356.
Package xcolor Info: Model `tHsb' substituted by `hsb' on input line 1357.
Package xcolor Info: Model `HSB' substituted by `hsb' on input line 1358.
Package xcolor Info: Model `Gray' substituted by `gray' on input line 1359.
Package xcolor Info: Model `wave' substituted by `hsb' on input line 1360.
)
("C:\Users\fattd\Apps\Latex App\MiKTeX\tex\latex\paralist\paralist.sty"
Package: paralist 2013/06/09 v2.4 Extended list environments
\pltopsep=\skip68
\plpartopsep=\skip69
\plitemsep=\skip70
\plparsep=\skip71
\pl@lab=\toks28
)

Class scrartcl Warning: Usage of package `titlesec' together
(scrartcl)              with a KOMA-Script class is not recommended.
(scrartcl)              I'd suggest to use the package only
(scrartcl)              if you really need it, because it breaks several
(scrartcl)              KOMA-Script features, i.e., option `headings' and
(scrartcl)              the extended optional argument of the section
(scrartcl)              commands .
(scrartcl)              Nevertheless, using requested
(scrartcl)              package `titlesec' on input line 29.

("C:\Users\fattd\Apps\Latex App\MiKTeX\tex\latex\titlesec\titlesec.sty"
Package: titlesec 2011/12/15 v2.10.0 Sectioning titles
\ttl@box=\box33
\beforetitleunit=\skip72
\aftertitleunit=\skip73
\ttl@plus=\dimen147
\ttl@minus=\dimen148
\ttl@toksa=\toks29
\titlewidth=\dimen149
\titlewidthlast=\dimen150
\titlewidthfirst=\dimen151


Package titlesec Warning: Non standard sectioning command detected
(titlesec)                Using default spacing and no format.


Package titlesec Warning: Non standard sectioning command detected
(titlesec)                Using default spacing and no format.


Package titlesec Warning: Non standard sectioning command detected
(titlesec)                Using default spacing and no format.


Package titlesec Warning: Non standard sectioning command detected
(titlesec)                Using default spacing and no format.


Package titlesec Warning: Non standard sectioning command detected
(titlesec)                Using default spacing and no format.

)

Package scrartcl Warning: Activating an ugly workaround for a missing
(scrartcl)                feature of package `titlesec` on input line 29.


Class scrartcl Warning: Usage of package `parskip' together
(scrartcl)              with a KOMA-Script class is not recommended.
(scrartcl)              I'd suggest to use option
(scrartcl)              `parskip' with one of it's several values.
(scrartcl)              Nevertheless, using requested
(scrartcl)              package `parskip' on input line 30.

("C:\Users\fattd\Apps\Latex App\MiKTeX\tex\latex\ltxmisc\parskip.sty"
Package: parskip 2001/04/09 non-zero parskip adjustments
)
("C:\Users\fattd\Apps\Latex App\MiKTeX\tex\latex\picinpar\picinpar.sty"
Pictures in Paragraphs. Version 1.2a, July 13, 1993
\br=\count123
\bl=\count124
\na=\count125
\nb=\count126
\tcdsav=\count127
\tcl=\count128
\tcd=\count129
\tcn=\count130
\cumtcl=\count131
\cumpartcl=\count132
\lftside=\dimen152
\rtside=\dimen153
\hpic=\dimen154
\vpic=\dimen155
\strutilg=\dimen156
\picwd=\dimen157
\topheight=\dimen158
\ilg=\dimen159
\lpic=\dimen160
\lwindowsep=\dimen161
\rwindowsep=\dimen162
\cumpar=\dimen163
\twa=\toks30
\la=\toks31
\ra=\toks32
\ha=\toks33
\pictoc=\toks34
\rawtext=\box34
\holder=\box35
\windowbox=\box36
\wartext=\box37
\finaltext=\box38
\aslice=\box39
\bslice=\box40
\wbox=\box41
\wstrutbox=\box42
\picbox=\box43
\waslice=\box44
\wbslice=\box45
\fslice=\box46
) ("C:\Users\fattd\Apps\Latex App\MiKTeX\tex\latex\hyperref\hyperref.sty"
Package: hyperref 2012/11/06 v6.83m Hypertext links for LaTeX

("C:\Users\fattd\Apps\Latex App\MiKTeX\tex\generic\oberdiek\hobsub-hyperref.sty
"
Package: hobsub-hyperref 2012/04/25 v1.12 Bundle oberdiek, subset hyperref (HO)

 ("C:\Users\fattd\Apps\Latex App\MiKTeX\tex\generic\oberdiek\hobsub-generic.sty
"
Package: hobsub-generic 2012/04/25 v1.12 Bundle oberdiek, subset generic (HO)
Package: hobsub 2012/04/25 v1.12 Construct package bundles (HO)
Package hobsub Info: Skipping package `infwarerr' (already loaded).
Package hobsub Info: Skipping package `ltxcmds' (already loaded).
Package: ifluatex 2010/03/01 v1.3 Provides the ifluatex switch (HO)
Package ifluatex Info: LuaTeX not detected.
Package hobsub Info: Skipping package `ifvtex' (already loaded).
Package: intcalc 2007/09/27 v1.1 Expandable calculations with integers (HO)
Package hobsub Info: Skipping package `ifpdf' (already loaded).
Package: etexcmds 2011/02/16 v1.5 Avoid name clashes with e-TeX commands (HO)
Package etexcmds Info: Could not find \expanded.
(etexcmds)             That can mean that you are not using pdfTeX 1.50 or
(etexcmds)             that some package has redefined \expanded.
(etexcmds)             In the latter case, load this package earlier.
Package: kvsetkeys 2012/04/25 v1.16 Key value parser (HO)
Package: kvdefinekeys 2011/04/07 v1.3 Define keys (HO)
Package: pdftexcmds 2011/11/29 v0.20 Utility functions of pdfTeX for LuaTeX (HO
)
Package pdftexcmds Info: LuaTeX not detected.
Package pdftexcmds Info: \pdf@primitive is available.
Package pdftexcmds Info: \pdf@ifprimitive is available.
Package pdftexcmds Info: \pdfdraftmode found.
Package: pdfescape 2011/11/25 v1.13 Implements pdfTeX's escape features (HO)
Package: bigintcalc 2012/04/08 v1.3 Expandable calculations on big integers (HO
)
Package: bitset 2011/01/30 v1.1 Handle bit-vector datatype (HO)
Package: uniquecounter 2011/01/30 v1.2 Provide unlimited unique counter (HO)
)
Package hobsub Info: Skipping package `hobsub' (already loaded).
Package: letltxmacro 2010/09/02 v1.4 Let assignment for LaTeX macros (HO)
Package: hopatch 2011/06/24 v1.1 Wrapper for package hooks (HO)
Package: xcolor-patch 2011/01/30 xcolor patch
Package: atveryend 2011/06/30 v1.8 Hooks at the very end of document (HO)
Package atveryend Info: \enddocument detected (standard20110627).
Package: atbegshi 2011/10/05 v1.16 At begin shipout hook (HO)
Package: refcount 2011/10/16 v3.4 Data extraction from label references (HO)
Package: hycolor 2011/01/30 v1.7 Color options for hyperref/bookmark (HO)
) ("C:\Users\fattd\Apps\Latex App\MiKTeX\tex\latex\oberdiek\auxhook.sty"
Package: auxhook 2011/03/04 v1.3 Hooks for auxiliary files (HO)
)
("C:\Users\fattd\Apps\Latex App\MiKTeX\tex\latex\oberdiek\kvoptions.sty"
Package: kvoptions 2011/06/30 v3.11 Key value format for package options (HO)
)
\@linkdim=\dimen164
\Hy@linkcounter=\count133
\Hy@pagecounter=\count134

("C:\Users\fattd\Apps\Latex App\MiKTeX\tex\latex\hyperref\pd1enc.def"
File: pd1enc.def 2012/11/06 v6.83m Hyperref: PDFDocEncoding definition (HO)
Now handling font encoding PD1 ...
... no UTF-8 mapping file for font encoding PD1
)
\Hy@SavedSpaceFactor=\count135

("C:\Users\fattd\Apps\Latex App\MiKTeX\tex\latex\00miktex\hyperref.cfg"
File: hyperref.cfg 2002/06/06 v1.2 hyperref configuration of TeXLive
)
Package hyperref Info: Option `pdfpagelabels' set `true' on input line 4319.
Package hyperref Info: Hyper figures OFF on input line 4443.
Package hyperref Info: Link nesting OFF on input line 4448.
Package hyperref Info: Hyper index ON on input line 4451.
Package hyperref Info: Plain pages OFF on input line 4458.
Package hyperref Info: Backreferencing OFF on input line 4463.
Package hyperref Info: Implicit mode ON; LaTeX internals redefined.
Package hyperref Info: Bookmarks ON on input line 4688.
\c@Hy@tempcnt=\count136

("C:\Users\fattd\Apps\Latex App\MiKTeX\tex\latex\url\url.sty"
\Urlmuskip=\muskip11
Package: url 2013/09/16  ver 3.4  Verb mode for urls, etc.
)
LaTeX Info: Redefining \url on input line 5041.
\XeTeXLinkMargin=\dimen165
\Fld@menulength=\count137
\Field@Width=\dimen166
\Fld@charsize=\dimen167
Package hyperref Info: Hyper figures OFF on input line 6295.
Package hyperref Info: Link nesting OFF on input line 6300.
Package hyperref Info: Hyper index ON on input line 6303.
Package hyperref Info: backreferencing OFF on input line 6310.
Package hyperref Info: Link coloring OFF on input line 6315.
Package hyperref Info: Link coloring with OCG OFF on input line 6320.
Package hyperref Info: PDF/A mode OFF on input line 6325.
LaTeX Info: Redefining \ref on input line 6365.
LaTeX Info: Redefining \pageref on input line 6369.
\Hy@abspage=\count138
\c@Item=\count139
\c@Hfootnote=\count140
)

Package hyperref Message: Driver (autodetected): hpdftex.

("C:\Users\fattd\Apps\Latex App\MiKTeX\tex\latex\hyperref\hpdftex.def"
File: hpdftex.def 2012/11/06 v6.83m Hyperref driver for pdfTeX
\Fld@listcount=\count141
\c@bookmark@seq@number=\count142

("C:\Users\fattd\Apps\Latex App\MiKTeX\tex\latex\oberdiek\rerunfilecheck.sty"
Package: rerunfilecheck 2011/04/15 v1.7 Rerun checks for auxiliary files (HO)
Package uniquecounter Info: New unique counter `rerunfilecheck' on input line 2
82.
)
\Hy@SectionHShift=\skip74
) ("C:\Users\fattd\Apps\Latex App\MiKTeX\tex\latex\listings\listings.sty"
\lst@mode=\count143
\lst@gtempboxa=\box47
\lst@token=\toks35
\lst@length=\count144
\lst@currlwidth=\dimen168
\lst@column=\count145
\lst@pos=\count146
\lst@lostspace=\dimen169
\lst@width=\dimen170
\lst@newlines=\count147
\lst@lineno=\count148
\lst@maxwidth=\dimen171

("C:\Users\fattd\Apps\Latex App\MiKTeX\tex\latex\listings\lstmisc.sty"
File: lstmisc.sty 2014/09/06 1.5e (Carsten Heinz)
\c@lstnumber=\count149
\lst@skipnumbers=\count150
\lst@framebox=\box48
)
("C:\Users\fattd\Apps\Latex App\MiKTeX\tex\latex\listings\listings.cfg"
File: listings.cfg 2014/09/06 1.5e listings configuration
))
Package: listings 2014/09/06 1.5e (Carsten Heinz)

("C:\Users\fattd\Apps\Latex App\MiKTeX\tex\latex\csquotes\csquotes.sty"
Package: csquotes 2016/01/31 v5.1g context-sensitive quotations (JAW)

("C:\Users\fattd\Apps\Latex App\MiKTeX\tex\latex\etoolbox\etoolbox.sty"
Package: etoolbox 2015/08/02 v2.2a e-TeX tools for LaTeX (JAW)

("C:\Users\fattd\Apps\Latex App\MiKTeX\tex\latex\misc\etex.sty"
Package: etex 1998/03/26 v2.0 eTeX basic definition package (PEB)
\et@xins=\count151
)
\etb@tempcnta=\count152
)
\csq@reset=\count153
\csq@gtype=\count154
\csq@glevel=\count155
\csq@qlevel=\count156
\csq@maxlvl=\count157
\csq@tshold=\count158
\csq@ltx@everypar=\toks36

("C:\Users\fattd\Apps\Latex App\MiKTeX\tex\latex\csquotes\csquotes.def"
File: csquotes.def 2016/01/31 v5.1g csquotes generic definitions (JAW)
)
Package csquotes Info: Trying to load configuration file 'csquotes.cfg'...
Package csquotes Info: ... configuration file loaded successfully.

("C:\Users\fattd\Apps\Latex App\MiKTeX\tex\latex\csquotes\csquotes.cfg"
File: csquotes.cfg 
))
("C:\Users\fattd\Apps\Latex App\MiKTeX\tex\latex\float\float.sty"
Package: float 2001/11/08 v1.3d Float enhancements (AL)
\c@float@type=\count159
\float@exts=\toks37
\float@box=\box49
\@float@everytoks=\toks38
\@floatcapt=\box50
)
("C:\Users\fattd\Apps\Latex App\MiKTeX\tex\latex\pgfplots\pgfplots.sty"
("C:\Users\fattd\Apps\Latex App\MiKTeX\tex\generic\pgfplots\pgfplots.revision.t
ex")
Package: pgfplots 2016/01/06 v1.13 Data Visualization (1.13)
 ("C:\Users\fattd\Apps\Latex App\MiKTeX\tex\latex\pgf\frontendlayer\tikz.sty" (
"C:\Users\fattd\Apps\Latex App\MiKTeX\tex\latex\pgf\basiclayer\pgf.sty"
("C:\Users\fattd\Apps\Latex App\MiKTeX\tex\latex\pgf\utilities\pgfrcs.sty"
("C:\Users\fattd\Apps\Latex App\MiKTeX\tex\generic\pgf\utilities\pgfutil-common
.tex"
\pgfutil@everybye=\toks39
\pgfutil@tempdima=\dimen172
\pgfutil@tempdimb=\dimen173

("C:\Users\fattd\Apps\Latex App\MiKTeX\tex\generic\pgf\utilities\pgfutil-common
-lists.tex"))
("C:\Users\fattd\Apps\Latex App\MiKTeX\tex\generic\pgf\utilities\pgfutil-latex.
def"
\pgfutil@abb=\box51
 ("C:\Users\fattd\Apps\Latex App\MiKTeX\tex\latex\ms\everyshi.sty"
Package: everyshi 2001/05/15 v3.00 EveryShipout Package (MS)
))
("C:\Users\fattd\Apps\Latex App\MiKTeX\tex\generic\pgf\utilities\pgfrcs.code.te
x"
Package: pgfrcs 2013/12/20 v3.0.0 (rcs-revision 1.28)
))
Package: pgf 2013/12/18 v3.0.0 (rcs-revision 1.14)
 ("C:\Users\fattd\Apps\Latex App\MiKTeX\tex\latex\pgf\basiclayer\pgfcore.sty" (
"C:\Users\fattd\Apps\Latex App\MiKTeX\tex\latex\pgf\systemlayer\pgfsys.sty"
("C:\Users\fattd\Apps\Latex App\MiKTeX\tex\generic\pgf\systemlayer\pgfsys.code.
tex"
Package: pgfsys 2013/11/30 v3.0.0 (rcs-revision 1.47)

("C:\Users\fattd\Apps\Latex App\MiKTeX\tex\generic\pgf\utilities\pgfkeys.code.t
ex"
\pgfkeys@pathtoks=\toks40
\pgfkeys@temptoks=\toks41

("C:\Users\fattd\Apps\Latex App\MiKTeX\tex\generic\pgf\utilities\pgfkeysfiltere
d.code.tex"
\pgfkeys@tmptoks=\toks42
))
\pgf@x=\dimen174
\pgf@y=\dimen175
\pgf@xa=\dimen176
\pgf@ya=\dimen177
\pgf@xb=\dimen178
\pgf@yb=\dimen179
\pgf@xc=\dimen180
\pgf@yc=\dimen181
\w@pgf@writea=\write4
\r@pgf@reada=\read1
\c@pgf@counta=\count160
\c@pgf@countb=\count161
\c@pgf@countc=\count162
\c@pgf@countd=\count163
\t@pgf@toka=\toks43
\t@pgf@tokb=\toks44
\t@pgf@tokc=\toks45

("C:\Users\fattd\Apps\Latex App\MiKTeX\tex\generic\pgf\systemlayer\pgf.cfg"
File: pgf.cfg 2008/05/14  (rcs-revision 1.7)
)
Driver file for pgf: pgfsys-pdftex.def

("C:\Users\fattd\Apps\Latex App\MiKTeX\tex\generic\pgf\systemlayer\pgfsys-pdfte
x.def"
File: pgfsys-pdftex.def 2013/07/18  (rcs-revision 1.33)

("C:\Users\fattd\Apps\Latex App\MiKTeX\tex\generic\pgf\systemlayer\pgfsys-commo
n-pdf.def"
File: pgfsys-common-pdf.def 2013/10/10  (rcs-revision 1.13)
)))
("C:\Users\fattd\Apps\Latex App\MiKTeX\tex\generic\pgf\systemlayer\pgfsyssoftpa
th.code.tex"
File: pgfsyssoftpath.code.tex 2013/09/09  (rcs-revision 1.9)
\pgfsyssoftpath@smallbuffer@items=\count164
\pgfsyssoftpath@bigbuffer@items=\count165
)
("C:\Users\fattd\Apps\Latex App\MiKTeX\tex\generic\pgf\systemlayer\pgfsysprotoc
ol.code.tex"
File: pgfsysprotocol.code.tex 2006/10/16  (rcs-revision 1.4)
))
("C:\Users\fattd\Apps\Latex App\MiKTeX\tex\generic\pgf\basiclayer\pgfcore.code.
tex"
Package: pgfcore 2010/04/11 v3.0.0 (rcs-revision 1.7)

("C:\Users\fattd\Apps\Latex App\MiKTeX\tex\generic\pgf\math\pgfmath.code.tex"
("C:\Users\fattd\Apps\Latex App\MiKTeX\tex\generic\pgf\math\pgfmathcalc.code.te
x"
("C:\Users\fattd\Apps\Latex App\MiKTeX\tex\generic\pgf\math\pgfmathutil.code.te
x")
("C:\Users\fattd\Apps\Latex App\MiKTeX\tex\generic\pgf\math\pgfmathparser.code.
tex"
\pgfmath@dimen=\dimen182
\pgfmath@count=\count166
\pgfmath@box=\box52
\pgfmath@toks=\toks46
\pgfmath@stack@operand=\toks47
\pgfmath@stack@operation=\toks48
)
("C:\Users\fattd\Apps\Latex App\MiKTeX\tex\generic\pgf\math\pgfmathfunctions.co
de.tex"
("C:\Users\fattd\Apps\Latex App\MiKTeX\tex\generic\pgf\math\pgfmathfunctions.ba
sic.code.tex")
("C:\Users\fattd\Apps\Latex App\MiKTeX\tex\generic\pgf\math\pgfmathfunctions.tr
igonometric.code.tex")
("C:\Users\fattd\Apps\Latex App\MiKTeX\tex\generic\pgf\math\pgfmathfunctions.ra
ndom.code.tex")
("C:\Users\fattd\Apps\Latex App\MiKTeX\tex\generic\pgf\math\pgfmathfunctions.co
mparison.code.tex")
("C:\Users\fattd\Apps\Latex App\MiKTeX\tex\generic\pgf\math\pgfmathfunctions.ba
se.code.tex")
("C:\Users\fattd\Apps\Latex App\MiKTeX\tex\generic\pgf\math\pgfmathfunctions.ro
und.code.tex")
("C:\Users\fattd\Apps\Latex App\MiKTeX\tex\generic\pgf\math\pgfmathfunctions.mi
sc.code.tex")
("C:\Users\fattd\Apps\Latex App\MiKTeX\tex\generic\pgf\math\pgfmathfunctions.in
tegerarithmetics.code.tex")))
("C:\Users\fattd\Apps\Latex App\MiKTeX\tex\generic\pgf\math\pgfmathfloat.code.t
ex"
\c@pgfmathroundto@lastzeros=\count167
))
("C:\Users\fattd\Apps\Latex App\MiKTeX\tex\generic\pgf\basiclayer\pgfcorepoints
.code.tex"
File: pgfcorepoints.code.tex 2013/10/07  (rcs-revision 1.27)
\pgf@picminx=\dimen183
\pgf@picmaxx=\dimen184
\pgf@picminy=\dimen185
\pgf@picmaxy=\dimen186
\pgf@pathminx=\dimen187
\pgf@pathmaxx=\dimen188
\pgf@pathminy=\dimen189
\pgf@pathmaxy=\dimen190
\pgf@xx=\dimen191
\pgf@xy=\dimen192
\pgf@yx=\dimen193
\pgf@yy=\dimen194
\pgf@zx=\dimen195
\pgf@zy=\dimen196
)
("C:\Users\fattd\Apps\Latex App\MiKTeX\tex\generic\pgf\basiclayer\pgfcorepathco
nstruct.code.tex"
File: pgfcorepathconstruct.code.tex 2013/10/07  (rcs-revision 1.29)
\pgf@path@lastx=\dimen197
\pgf@path@lasty=\dimen198
)
("C:\Users\fattd\Apps\Latex App\MiKTeX\tex\generic\pgf\basiclayer\pgfcorepathus
age.code.tex"
File: pgfcorepathusage.code.tex 2013/12/13  (rcs-revision 1.23)
\pgf@shorten@end@additional=\dimen199
\pgf@shorten@start@additional=\dimen200
)
("C:\Users\fattd\Apps\Latex App\MiKTeX\tex\generic\pgf\basiclayer\pgfcorescopes
.code.tex"
File: pgfcorescopes.code.tex 2013/10/09  (rcs-revision 1.44)
\pgfpic=\box53
\pgf@hbox=\box54
\pgf@layerbox@main=\box55
\pgf@picture@serial@count=\count168
)
("C:\Users\fattd\Apps\Latex App\MiKTeX\tex\generic\pgf\basiclayer\pgfcoregraphi
cstate.code.tex"
File: pgfcoregraphicstate.code.tex 2013/09/19  (rcs-revision 1.11)
\pgflinewidth=\dimen201
)
("C:\Users\fattd\Apps\Latex App\MiKTeX\tex\generic\pgf\basiclayer\pgfcoretransf
ormations.code.tex"
File: pgfcoretransformations.code.tex 2013/10/10  (rcs-revision 1.17)
\pgf@pt@x=\dimen202
\pgf@pt@y=\dimen203
\pgf@pt@temp=\dimen204
)
("C:\Users\fattd\Apps\Latex App\MiKTeX\tex\generic\pgf\basiclayer\pgfcorequick.
code.tex"
File: pgfcorequick.code.tex 2008/10/09  (rcs-revision 1.3)
)
("C:\Users\fattd\Apps\Latex App\MiKTeX\tex\generic\pgf\basiclayer\pgfcoreobject
s.code.tex"
File: pgfcoreobjects.code.tex 2006/10/11  (rcs-revision 1.2)
)
("C:\Users\fattd\Apps\Latex App\MiKTeX\tex\generic\pgf\basiclayer\pgfcorepathpr
ocessing.code.tex"
File: pgfcorepathprocessing.code.tex 2013/09/09  (rcs-revision 1.9)
)
("C:\Users\fattd\Apps\Latex App\MiKTeX\tex\generic\pgf\basiclayer\pgfcorearrows
.code.tex"
File: pgfcorearrows.code.tex 2013/11/07  (rcs-revision 1.40)
\pgfarrowsep=\dimen205
)
("C:\Users\fattd\Apps\Latex App\MiKTeX\tex\generic\pgf\basiclayer\pgfcoreshade.
code.tex"
File: pgfcoreshade.code.tex 2013/07/15  (rcs-revision 1.15)
\pgf@max=\dimen206
\pgf@sys@shading@range@num=\count169
)
("C:\Users\fattd\Apps\Latex App\MiKTeX\tex\generic\pgf\basiclayer\pgfcoreimage.
code.tex"
File: pgfcoreimage.code.tex 2013/07/15  (rcs-revision 1.18)

("C:\Users\fattd\Apps\Latex App\MiKTeX\tex\generic\pgf\basiclayer\pgfcoreextern
al.code.tex"
File: pgfcoreexternal.code.tex 2013/07/15  (rcs-revision 1.20)
\pgfexternal@startupbox=\box56
))
("C:\Users\fattd\Apps\Latex App\MiKTeX\tex\generic\pgf\basiclayer\pgfcorelayers
.code.tex"
File: pgfcorelayers.code.tex 2013/07/18  (rcs-revision 1.7)
)
("C:\Users\fattd\Apps\Latex App\MiKTeX\tex\generic\pgf\basiclayer\pgfcoretransp
arency.code.tex"
File: pgfcoretransparency.code.tex 2013/09/30  (rcs-revision 1.5)
)
("C:\Users\fattd\Apps\Latex App\MiKTeX\tex\generic\pgf\basiclayer\pgfcorepatter
ns.code.tex"
File: pgfcorepatterns.code.tex 2013/11/07  (rcs-revision 1.5)
)))
("C:\Users\fattd\Apps\Latex App\MiKTeX\tex\generic\pgf\modules\pgfmoduleshapes.
code.tex"
File: pgfmoduleshapes.code.tex 2013/10/31  (rcs-revision 1.34)
\pgfnodeparttextbox=\box57
)
("C:\Users\fattd\Apps\Latex App\MiKTeX\tex\generic\pgf\modules\pgfmoduleplot.co
de.tex"
File: pgfmoduleplot.code.tex 2013/07/31  (rcs-revision 1.12)
)
("C:\Users\fattd\Apps\Latex App\MiKTeX\tex\latex\pgf\compatibility\pgfcomp-vers
ion-0-65.sty"
Package: pgfcomp-version-0-65 2007/07/03 v3.0.0 (rcs-revision 1.7)
\pgf@nodesepstart=\dimen207
\pgf@nodesepend=\dimen208
)
("C:\Users\fattd\Apps\Latex App\MiKTeX\tex\latex\pgf\compatibility\pgfcomp-vers
ion-1-18.sty"
Package: pgfcomp-version-1-18 2007/07/23 v3.0.0 (rcs-revision 1.1)
))
("C:\Users\fattd\Apps\Latex App\MiKTeX\tex\latex\pgf\utilities\pgffor.sty"
("C:\Users\fattd\Apps\Latex App\MiKTeX\tex\latex\pgf\utilities\pgfkeys.sty"
("C:\Users\fattd\Apps\Latex App\MiKTeX\tex\generic\pgf\utilities\pgfkeys.code.t
ex")) ("C:\Users\fattd\Apps\Latex App\MiKTeX\tex\latex\pgf\math\pgfmath.sty"
("C:\Users\fattd\Apps\Latex App\MiKTeX\tex\generic\pgf\math\pgfmath.code.tex"))

("C:\Users\fattd\Apps\Latex App\MiKTeX\tex\generic\pgf\utilities\pgffor.code.te
x"
Package: pgffor 2013/12/13 v3.0.0 (rcs-revision 1.25)
 ("C:\Users\fattd\Apps\Latex App\MiKTeX\tex\generic\pgf\math\pgfmath.code.tex")
\pgffor@iter=\dimen209
\pgffor@skip=\dimen210
\pgffor@stack=\toks49
\pgffor@toks=\toks50
))
("C:\Users\fattd\Apps\Latex App\MiKTeX\tex\generic\pgf\frontendlayer\tikz\tikz.
code.tex"
Package: tikz 2013/12/13 v3.0.0 (rcs-revision 1.142)

("C:\Users\fattd\Apps\Latex App\MiKTeX\tex\generic\pgf\libraries\pgflibraryplot
handlers.code.tex"
File: pgflibraryplothandlers.code.tex 2013/08/31 v3.0.0 (rcs-revision 1.20)
\pgf@plot@mark@count=\count170
\pgfplotmarksize=\dimen211
)
\tikz@lastx=\dimen212
\tikz@lasty=\dimen213
\tikz@lastxsaved=\dimen214
\tikz@lastysaved=\dimen215
\tikzleveldistance=\dimen216
\tikzsiblingdistance=\dimen217
\tikz@figbox=\box58
\tikz@figbox@bg=\box59
\tikz@tempbox=\box60
\tikz@tempbox@bg=\box61
\tikztreelevel=\count171
\tikznumberofchildren=\count172
\tikznumberofcurrentchild=\count173
\tikz@fig@count=\count174

("C:\Users\fattd\Apps\Latex App\MiKTeX\tex\generic\pgf\modules\pgfmodulematrix.
code.tex"
File: pgfmodulematrix.code.tex 2013/09/17  (rcs-revision 1.8)
\pgfmatrixcurrentrow=\count175
\pgfmatrixcurrentcolumn=\count176
\pgf@matrix@numberofcolumns=\count177
)
\tikz@expandcount=\count178

("C:\Users\fattd\Apps\Latex App\MiKTeX\tex\generic\pgf\frontendlayer\tikz\libra
ries\tikzlibrarytopaths.code.tex"
File: tikzlibrarytopaths.code.tex 2008/06/17 v3.0.0 (rcs-revision 1.2)
)))
("C:\Users\fattd\Apps\Latex App\MiKTeX\tex\generic\pgfplots\pgfplots.code.tex"
("C:\Users\fattd\Apps\Latex App\MiKTeX\tex\generic\pgfplots\pgfplotscore.code.t
ex"
\t@pgfplots@toka=\toks51
\t@pgfplots@tokb=\toks52
\t@pgfplots@tokc=\toks53
\pgfplots@tmpa=\dimen218
\c@pgfplots@coordindex=\count179
\c@pgfplots@scanlineindex=\count180

("C:\Users\fattd\Apps\Latex App\MiKTeX\tex\generic\pgfplots\sys\pgfplotssysgene
ric.code.tex"))
("C:\Users\fattd\Apps\Latex App\MiKTeX\tex\generic\pgfplots\libs\pgfplotslibrar
y.code.tex")
("C:\Users\fattd\Apps\Latex App\MiKTeX\tex\generic\pgfplots\oldpgfcompatib\pgfp
lotsoldpgfsupp_loader.code.tex"
("C:\Users\fattd\Apps\Latex App\MiKTeX\tex\generic\pgf\libraries\pgflibraryfpu.
code.tex")
Package pgfplots: loading complementary arithmetics for your pgf version...

("C:\Users\fattd\Apps\Latex App\MiKTeX\tex\generic\pgfplots\oldpgfcompatib\pgfp
lotsoldpgfsupp_pgflibraryfpu.code.tex")
("C:\Users\fattd\Apps\Latex App\MiKTeX\tex\generic\pgfplots\oldpgfcompatib\pgfp
lotsoldpgfsupp_pgfmathfloat.code.tex"
\c@pgfmathroundto@lastzeros=\count181
)
("C:\Users\fattd\Apps\Latex App\MiKTeX\tex\generic\pgfplots\oldpgfcompatib\pgfp
lotsoldpgfsupp_trig_format.code.tex"))
("C:\Users\fattd\Apps\Latex App\MiKTeX\tex\generic\pgfplots\util\pgfplotsutil.c
ode.tex"
("C:\Users\fattd\Apps\Latex App\MiKTeX\tex\generic\pgfplots\liststructure\pgfpl
otsliststructure.code.tex")
("C:\Users\fattd\Apps\Latex App\MiKTeX\tex\generic\pgfplots\liststructure\pgfpl
otsliststructureext.code.tex")
("C:\Users\fattd\Apps\Latex App\MiKTeX\tex\generic\pgfplots\liststructure\pgfpl
otsarray.code.tex"
\c@pgfplotsarray@tmp=\count182
)
("C:\Users\fattd\Apps\Latex App\MiKTeX\tex\generic\pgfplots\liststructure\pgfpl
otsmatrix.code.tex")
("C:\Users\fattd\Apps\Latex App\MiKTeX\tex\generic\pgfplots\numtable\pgfplotsta
bleshared.code.tex"
\c@pgfplotstable@counta=\count183
\t@pgfplotstable@a=\toks54
)
("C:\Users\fattd\Apps\Latex App\MiKTeX\tex\generic\pgfplots\liststructure\pgfpl
otsdeque.code.tex")
("C:\Users\fattd\Apps\Latex App\MiKTeX\tex\generic\pgfplots\util\pgfplotsbinary
.code.tex"
("C:\Users\fattd\Apps\Latex App\MiKTeX\tex\generic\pgfplots\util\pgfplotsbinary
.data.code.tex"))
("C:\Users\fattd\Apps\Latex App\MiKTeX\tex\generic\pgfplots\util\pgfplotsutil.v
erb.code.tex")
("C:\Users\fattd\Apps\Latex App\MiKTeX\tex\generic\pgfplots\libs\pgflibrarypgfp
lots.surfshading.code.tex"
\c@pgfplotslibrarysurf@no=\count184

("C:\Users\fattd\Apps\Latex App\MiKTeX\tex\generic\pgfplots\sys\pgflibrarypgfpl
ots.surfshading.pgfsys-pdftex.def")))
("C:\Users\fattd\Apps\Latex App\MiKTeX\tex\generic\pgfplots\util\pgfplotscolorm
ap.code.tex"
("C:\Users\fattd\Apps\Latex App\MiKTeX\tex\generic\pgfplots\util\pgfplotscolor.
code.tex"))
("C:\Users\fattd\Apps\Latex App\MiKTeX\tex\generic\pgfplots\pgfplotsstackedplot
s.code.tex")
("C:\Users\fattd\Apps\Latex App\MiKTeX\tex\generic\pgfplots\pgfplotsplothandler
s.code.tex"
("C:\Users\fattd\Apps\Latex App\MiKTeX\tex\generic\pgfplots\pgfplotsmeshplothan
dler.code.tex"
("C:\Users\fattd\Apps\Latex App\MiKTeX\tex\generic\pgfplots\pgfplotsmeshplotima
ge.code.tex")))
("C:\Users\fattd\Apps\Latex App\MiKTeX\tex\generic\pgfplots\pgfplots.scaling.co
de.tex")
("C:\Users\fattd\Apps\Latex App\MiKTeX\tex\generic\pgfplots\pgfplotscoordproces
sing.code.tex")
("C:\Users\fattd\Apps\Latex App\MiKTeX\tex\generic\pgfplots\pgfplots.errorbars.
code.tex")
("C:\Users\fattd\Apps\Latex App\MiKTeX\tex\generic\pgfplots\pgfplots.markers.co
de.tex")
("C:\Users\fattd\Apps\Latex App\MiKTeX\tex\generic\pgfplots\pgfplotsticks.code.
tex")
("C:\Users\fattd\Apps\Latex App\MiKTeX\tex\generic\pgfplots\pgfplots.paths.code
.tex")
("C:\Users\fattd\Apps\Latex App\MiKTeX\tex\generic\pgf\frontendlayer\tikz\libra
ries\tikzlibrarydecorations.code.tex"
("C:\Users\fattd\Apps\Latex App\MiKTeX\tex\generic\pgf\modules\pgfmoduledecorat
ions.code.tex"
\pgfdecoratedcompleteddistance=\dimen219
\pgfdecoratedremainingdistance=\dimen220
\pgfdecoratedinputsegmentcompleteddistance=\dimen221
\pgfdecoratedinputsegmentremainingdistance=\dimen222
\pgf@decorate@distancetomove=\dimen223
\pgf@decorate@repeatstate=\count185
\pgfdecorationsegmentamplitude=\dimen224
\pgfdecorationsegmentlength=\dimen225
)
\tikz@lib@dec@box=\box62
)
("C:\Users\fattd\Apps\Latex App\MiKTeX\tex\generic\pgf\frontendlayer\tikz\libra
ries\tikzlibrarydecorations.pathmorphing.code.tex"
("C:\Users\fattd\Apps\Latex App\MiKTeX\tex\generic\pgf\libraries\decorations\pg
flibrarydecorations.pathmorphing.code.tex"))
("C:\Users\fattd\Apps\Latex App\MiKTeX\tex\generic\pgf\frontendlayer\tikz\libra
ries\tikzlibrarydecorations.pathreplacing.code.tex"
("C:\Users\fattd\Apps\Latex App\MiKTeX\tex\generic\pgf\libraries\decorations\pg
flibrarydecorations.pathreplacing.code.tex"))
\pgfplots@numplots=\count186
\pgfplots@xmin@reg=\dimen226
\pgfplots@xmax@reg=\dimen227
\pgfplots@ymin@reg=\dimen228
\pgfplots@ymax@reg=\dimen229
\pgfplots@zmin@reg=\dimen230
\pgfplots@zmax@reg=\dimen231
)
("C:\Users\fattd\Apps\Latex App\MiKTeX\tex\generic\pgf\frontendlayer\tikz\libra
ries\tikzlibraryplotmarks.code.tex"
File: tikzlibraryplotmarks.code.tex 2008/01/09 v3.0.0 (rcs-revision 1.1)

("C:\Users\fattd\Apps\Latex App\MiKTeX\tex\generic\pgf\libraries\pgflibraryplot
marks.code.tex"
File: pgflibraryplotmarks.code.tex 2013/07/20 v3.0.0 (rcs-revision 1.13)
)))
("C:\Users\fattd\Apps\Latex App\MiKTeX\tex\latex\glossaries\base\glossaries.sty
"
Package: glossaries 2016/01/24 v4.21 (NLCT)
 ("C:\Users\fattd\Apps\Latex App\MiKTeX\tex\latex\base\ifthen.sty"
Package: ifthen 2014/09/29 v1.1c Standard LaTeX ifthen package (DPC)
)
("C:\Users\fattd\Apps\Latex App\MiKTeX\tex\latex\xkeyval\xkeyval.sty"
Package: xkeyval 2014/12/03 v2.7a package option processing (HA)

("C:\Users\fattd\Apps\Latex App\MiKTeX\tex\generic\xkeyval\xkeyval.tex"
("C:\Users\fattd\Apps\Latex App\MiKTeX\tex\generic\xkeyval\xkvutils.tex"
\XKV@toks=\toks55
\XKV@tempa@toks=\toks56
)
\XKV@depth=\count187
File: xkeyval.tex 2014/12/03 v2.7a key=value parser (HA)
))
("C:\Users\fattd\Apps\Latex App\MiKTeX\tex\latex\mfirstuc\mfirstuc.sty"
Package: mfirstuc 2015/12/17 v2.02 (NLCT)
\@glsmfirst=\toks57
\@glsmrest=\toks58
)
("C:\Users\fattd\Apps\Latex App\MiKTeX\tex\latex\textcase\textcase.sty"
Package: textcase 2004/10/07 v0.07 Text only upper/lower case changing (DPC)
)
("C:\Users\fattd\Apps\Latex App\MiKTeX\tex\latex\xfor\xfor.sty"
Package: xfor 2009/02/05 v1.05 (NLCT)
)
("C:\Users\fattd\Apps\Latex App\MiKTeX\tex\latex\datatool\datatool-base.sty"
Package: datatool-base 2016/01/18 v2.25 (NLCT)

("C:\Users\fattd\Apps\Latex App\MiKTeX\tex\latex\substr\substr.sty"
Package: substr 2009/10/20 v1.2 Handle substrings
\c@su@anzahl=\count188
)
("C:\Users\fattd\Apps\Latex App\MiKTeX\tex\latex\datatool\datatool-fp.sty"
Package: datatool-fp 2016/01/18 v2.25 (NLCT)

("C:\Users\fattd\Apps\Latex App\MiKTeX\tex\latex\fp\fp.sty"
Package: fp 1995/04/02

`Fixed Point Package', Version 0.8, April 2, 1995 (C) Michael Mehlich
("C:\Users\fattd\Apps\Latex App\MiKTeX\tex\latex\fp\defpattern.sty"
Package: defpattern 1994/10/12
\actioncount=\count189
)
("C:\Users\fattd\Apps\Latex App\MiKTeX\tex\latex\fp\fp-basic.sty"
Package: fp-basic 1996/05/13
\FP@xs=\count190
\FP@xia=\count191
\FP@xib=\count192
\FP@xfa=\count193
\FP@xfb=\count194
\FP@rega=\count195
\FP@regb=\count196
\FP@regs=\count197
\FP@times=\count198
)
("C:\Users\fattd\Apps\Latex App\MiKTeX\tex\latex\fp\fp-addons.sty"
Package: fp-addons 1995/03/15
)
("C:\Users\fattd\Apps\Latex App\MiKTeX\tex\latex\fp\fp-snap.sty"
Package: fp-snap 1995/04/05
)
("C:\Users\fattd\Apps\Latex App\MiKTeX\tex\latex\fp\fp-exp.sty"
Package: fp-exp 1995/04/03
)
("C:\Users\fattd\Apps\Latex App\MiKTeX\tex\latex\fp\fp-trigo.sty"
Package: fp-trigo 1995/04/14
)
("C:\Users\fattd\Apps\Latex App\MiKTeX\tex\latex\fp\fp-pas.sty"
Package: fp-pas 1994/08/29
)
("C:\Users\fattd\Apps\Latex App\MiKTeX\tex\latex\fp\fp-random.sty"
Package: fp-random 1995/02/23
\FPseed=\count199
)
("C:\Users\fattd\Apps\Latex App\MiKTeX\tex\latex\fp\fp-eqn.sty"
Package: fp-eqn 1995/04/03
)
("C:\Users\fattd\Apps\Latex App\MiKTeX\tex\latex\fp\fp-upn.sty"
Package: fp-upn 1996/10/21
)
("C:\Users\fattd\Apps\Latex App\MiKTeX\tex\latex\fp\fp-eval.sty"
Package: fp-eval 1995/04/03
)))
\@dtl@toks=\toks59
\@dtl@tmpcount=\count200
\dtl@tmplength=\skip75
\dtl@sortresult=\count201
\@dtl@numgrpsepcount=\count202
\@dtl@datatype=\count203
\dtl@codeA=\count204
\dtl@codeB=\count205
\@dtl@foreach@level=\count206
)
("C:\Users\fattd\Apps\Latex App\MiKTeX\tex\latex\glossaries\base\glossaries-com
patible-307.sty"
Package: glossaries-compatible-307 2016/01/24 v4.21 (NLCT)
)
("C:\Users\fattd\Apps\Latex App\MiKTeX\tex\latex\tracklang\tracklang.sty"
Package: tracklang 2015/03/23 v1.2 (NLCT) Track Languages

("C:\Users\fattd\Apps\Latex App\MiKTeX\tex\generic\tracklang\tracklang.tex"))
("C:\Users\fattd\Apps\Latex App\MiKTeX\tex\latex\beamer\base\translator\transla
tor.sty"
Package: translator 2010/06/12 ver 1.10

("C:\Users\fattd\Apps\Latex App\MiKTeX\tex\latex\beamer\base\translator\transla
tor-language-mappings.tex"))
("C:\Users\fattd\Apps\Latex App\MiKTeX\tex\latex\glossaries-german\glossaries-g
erman.ldf"
File: glossaries-german.ldf 2014/11/23 v1.0
)
\gls@level=\count207
\@gls@tmpb=\toks60
\gls@tmplen=\skip76
\glskeylisttok=\toks61
\glslabeltok=\toks62
\glsshorttok=\toks63
\glslongtok=\toks64

("C:\Users\fattd\Apps\Latex App\MiKTeX\tex\latex\glossaries\styles\glossary-hyp
ernav.sty"
Package: glossary-hypernav 2016/01/24 v4.21 (NLCT)
)
("C:\Users\fattd\Apps\Latex App\MiKTeX\tex\latex\glossaries\styles\glossary-lis
t.sty"
Package: glossary-list 2016/01/24 v4.21 (NLCT)
\glslistdottedwidth=\skip77
)
("C:\Users\fattd\Apps\Latex App\MiKTeX\tex\latex\glossaries\styles\glossary-lon
g.sty"
Package: glossary-long 2016/01/24 v4.21 (NLCT)
 ("C:\Users\fattd\Apps\Latex App\MiKTeX\tex\latex\tools\longtable.sty"
Package: longtable 2014/10/28 v4.11 Multi-page Table package (DPC)
\LTleft=\skip78
\LTright=\skip79
\LTpre=\skip80
\LTpost=\skip81
\LTchunksize=\count208
\LTcapwidth=\dimen232
\LT@head=\box63
\LT@firsthead=\box64
\LT@foot=\box65
\LT@lastfoot=\box66
\LT@cols=\count209
\LT@rows=\count210
\c@LT@tables=\count211
\c@LT@chunks=\count212
\LT@p@ftn=\toks65
)
Class scrartcl Info: longtable captions redefined on input line 43.
\glsdescwidth=\skip82
\glspagelistwidth=\skip83
)
("C:\Users\fattd\Apps\Latex App\MiKTeX\tex\latex\glossaries\styles\glossary-sup
er.sty"
Package: glossary-super 2016/01/24 v4.21 (NLCT)

("C:\Users\fattd\Apps\Latex App\MiKTeX\tex\latex\supertabular\supertabular.sty"
Package: supertabular 2004/02/20 v4.1e the supertabular environment
\c@tracingst=\count213
\ST@wd=\dimen233
\ST@rightskip=\skip84
\ST@leftskip=\skip85
\ST@parfillskip=\skip86
Normal \dimen register pool exhausted, switching to extended pool.
\ST@pageleft=\dimen256
\ST@headht=\dimen257
\ST@tailht=\dimen258
\ST@pagesofar=\dimen259
\ST@pboxht=\dimen260
\ST@lineht=\dimen261
\ST@stretchht=\dimen262
\ST@prevht=\dimen263
\ST@toadd=\dimen264
\ST@dimen=\dimen265
\ST@pbox=\box67
))
("C:\Users\fattd\Apps\Latex App\MiKTeX\tex\latex\glossaries\styles\glossary-tre
e.sty"
Package: glossary-tree 2016/01/24 v4.21 (NLCT)
\glstreeindent=\skip87
)) ("C:\Users\fattd\Apps\Latex App\MiKTeX\tex\latex\biblatex\biblatex.sty"
Package: biblatex 2015/12/22 v3.2 programmable bibliographies (PK/JW/AB)
 ("C:\Users\fattd\Apps\Latex App\MiKTeX\tex\latex\biblatex\biblatex2.sty"
Package: biblatex2 2015/12/22 v3.2 programmable bibliographies (biber) (PK/JW/A
B)

("C:\Users\fattd\Apps\Latex App\MiKTeX\tex\latex\logreq\logreq.sty"
Package: logreq 2010/08/04 v1.0 xml request logger
\lrq@indent=\count214

("C:\Users\fattd\Apps\Latex App\MiKTeX\tex\latex\logreq\logreq.def"
File: logreq.def 2010/08/04 v1.0 logreq spec v1.0
))
\c@tabx@nest=\count215
\c@listtotal=\count216
\c@listcount=\count217
\c@liststart=\count218
\c@liststop=\count219
\c@citecount=\count220
\c@citetotal=\count221
\c@multicitecount=\count222
\c@multicitetotal=\count223
\c@instcount=\count224
\c@maxnames=\count225
\c@minnames=\count226
\c@maxitems=\count227
\c@minitems=\count228
\c@citecounter=\count229
\c@savedcitecounter=\count230
\c@uniquelist=\count231
\c@uniquename=\count232
\c@refsection=\count233
Normal \count register pool exhausted, switching to extended pool.
\c@refsegment=\count277
\c@maxextratitle=\count278
\c@maxextratitleyear=\count279
\c@maxextrayear=\count280
\c@maxextraalpha=\count281
\c@abbrvpenalty=\count282
\c@highnamepenalty=\count283
\c@lownamepenalty=\count284
\c@maxparens=\count285
\c@parenlevel=\count286
\blx@tempcnta=\count287
\blx@tempcntb=\count288
\blx@tempcntc=\count289
\blx@maxsection=\count290
\blx@maxsegment@0=\count291
\blx@notetype=\count292
\blx@parenlevel@text=\count293
\blx@parenlevel@foot=\count294
\blx@sectionciteorder@0=\count295
\labelnumberwidth=\skip88
\labelalphawidth=\skip89
\biblabelsep=\skip90
\bibitemsep=\skip91
\bibnamesep=\skip92
\bibinitsep=\skip93
\bibparsep=\skip94
\bibhang=\skip95
\blx@bcfin=\read2
\blx@bcfout=\write5
\c@mincomprange=\count296
\c@maxcomprange=\count297
\c@mincompwidth=\count298
Package biblatex Info: Trying to load biblatex default data model...
Package biblatex Info: ... file 'blx-dm.def' found.

("C:\Users\fattd\Apps\Latex App\MiKTeX\tex\latex\biblatex\blx-dm.def")
Package biblatex Info: Trying to load biblatex style data model...
Package biblatex Info: ... file 'alphabetic.dbx' not found.
Package biblatex Info: Trying to load biblatex custom data model...
Package biblatex Info: ... file 'biblatex-dm.cfg' not found.
\c@afterword=\count299
\c@savedafterword=\count300
\c@annotator=\count301
\c@savedannotator=\count302
\c@author=\count303
\c@savedauthor=\count304
\c@bookauthor=\count305
\c@savedbookauthor=\count306
\c@commentator=\count307
\c@savedcommentator=\count308
\c@editor=\count309
\c@savededitor=\count310
\c@editora=\count311
\c@savededitora=\count312
\c@editorb=\count313
\c@savededitorb=\count314
\c@editorc=\count315
\c@savededitorc=\count316
\c@foreword=\count317
\c@savedforeword=\count318
\c@holder=\count319
\c@savedholder=\count320
\c@introduction=\count321
\c@savedintroduction=\count322
\c@namea=\count323
\c@savednamea=\count324
\c@nameb=\count325
\c@savednameb=\count326
\c@namec=\count327
\c@savednamec=\count328
\c@translator=\count329
\c@savedtranslator=\count330
\c@shortauthor=\count331
\c@savedshortauthor=\count332
\c@shorteditor=\count333
\c@savedshorteditor=\count334
\c@labelname=\count335
\c@savedlabelname=\count336
\c@institution=\count337
\c@savedinstitution=\count338
\c@lista=\count339
\c@savedlista=\count340
\c@listb=\count341
\c@savedlistb=\count342
\c@listc=\count343
\c@savedlistc=\count344
\c@listd=\count345
\c@savedlistd=\count346
\c@liste=\count347
\c@savedliste=\count348
\c@listf=\count349
\c@savedlistf=\count350
\c@location=\count351
\c@savedlocation=\count352
\c@organization=\count353
\c@savedorganization=\count354
\c@origlocation=\count355
\c@savedoriglocation=\count356
\c@origpublisher=\count357
\c@savedorigpublisher=\count358
\c@publisher=\count359
\c@savedpublisher=\count360
\c@language=\count361
\c@savedlanguage=\count362
\c@pageref=\count363
\c@savedpageref=\count364
\shorthandwidth=\skip96
\shortjournalwidth=\skip97
\shortserieswidth=\skip98
\shorttitlewidth=\skip99
\shortauthorwidth=\skip100
\shorteditorwidth=\skip101
Package biblatex Info: Trying to load compatibility code...
Package biblatex Info: ... file 'blx-compat.def' found.

("C:\Users\fattd\Apps\Latex App\MiKTeX\tex\latex\biblatex\blx-compat.def"
File: blx-compat.def 2015/12/22 v3.2 biblatex compatibility (PK/JW/AB)
)
Package biblatex Info: Trying to load generic definitions...
Package biblatex Info: ... file 'biblatex.def' found.

("C:\Users\fattd\Apps\Latex App\MiKTeX\tex\latex\biblatex\biblatex.def"
File: biblatex.def 
\c@textcitecount=\count365
\c@textcitetotal=\count366
\c@textcitemaxnames=\count367
\c@biburlnumpenalty=\count368
\c@biburlucpenalty=\count369
\c@biburllcpenalty=\count370
\c@smartand=\count371
)
Package biblatex Info: Trying to load bibliography style 'alphabetic'...
Package biblatex Info: ... file 'alphabetic.bbx' found.

("C:\Users\fattd\Apps\Latex App\MiKTeX\tex\latex\biblatex\bbx\alphabetic.bbx"
File: alphabetic.bbx 2015/12/22 v3.2 biblatex bibliography style (PK/JW/AB)
Package biblatex Info: Trying to load bibliography style 'standard'...
Package biblatex Info: ... file 'standard.bbx' found.

("C:\Users\fattd\Apps\Latex App\MiKTeX\tex\latex\biblatex\bbx\standard.bbx"
File: standard.bbx 2015/12/22 v3.2 biblatex bibliography style (PK/JW/AB)
\c@bbx:relatedcount=\count372
\c@bbx:relatedtotal=\count373
))
Package biblatex Info: Trying to load citation style 'alphabetic'...
Package biblatex Info: ... file 'alphabetic.cbx' found.

("C:\Users\fattd\Apps\Latex App\MiKTeX\tex\latex\biblatex\cbx\alphabetic.cbx"
File: alphabetic.cbx 2015/12/22 v3.2 biblatex citation style (PK/JW/AB)
Package biblatex Info: Redefining '\cite'.
Package biblatex Info: Redefining '\parencite'.
Package biblatex Info: Redefining '\footcite'.
Package biblatex Info: Redefining '\footcitetext'.
Package biblatex Info: Redefining '\smartcite'.
Package biblatex Info: Redefining '\textcite'.
Package biblatex Info: Redefining '\textcites'.
Package biblatex Info: Redefining '\cites'.
Package biblatex Info: Redefining '\parencites'.
Package biblatex Info: Redefining '\smartcites'.
)
Package biblatex Info: Trying to load configuration file...
Package biblatex Info: ... file 'biblatex.cfg' found.

("C:\Users\fattd\Apps\Latex App\MiKTeX\tex\latex\biblatex\biblatex.cfg"
File: biblatex.cfg 
)))
\c@verzeichnis=\count374
Package hyperref Info: Option `unicode' set `false' on input line 112.
Package hyperref Info: Option `pdftoolbar' set `true' on input line 112.
Package hyperref Info: Option `pdfmenubar' set `true' on input line 112.
Package hyperref Info: Option `pdffitwindow' set `false' on input line 112.
Package hyperref Info: Option `pdfnewwindow' set `true' on input line 112.
Package hyperref Info: Option `colorlinks' set `true' on input line 112.
Package csquotes Info: Checking for multilingual support...
Package csquotes Info: ... found 'babel' package.
Package csquotes Info: Adjusting default style.
Package csquotes Info: Redefining alias 'default' -> 'ngerman'.
Package biblatex Info: Trying to load language 'ngerman'...
Package biblatex Info: ... file 'ngerman.lbx' found.

("C:\Users\fattd\Apps\Latex App\MiKTeX\tex\latex\biblatex\lbx\ngerman.lbx"
File: ngerman.lbx 2015/12/22 v3.2 biblatex localization (PK/JW/AB)
Package biblatex Info: Trying to load language 'german'...
Package biblatex Info: ... file 'german.lbx' found.

("C:\Users\fattd\Apps\Latex App\MiKTeX\tex\latex\biblatex\lbx\german.lbx"
File: german.lbx 2015/12/22 v3.2 biblatex localization (PK/JW/AB)
))

LaTeX Warning: Unused global option(s):
    [lof=listofnumbered].

(user_documentation_hpplan.aux)
LaTeX Font Info:    Checking defaults for OML/cmm/m/it on input line 129.
LaTeX Font Info:    ... okay on input line 129.
LaTeX Font Info:    Checking defaults for T1/cmr/m/n on input line 129.
LaTeX Font Info:    ... okay on input line 129.
LaTeX Font Info:    Checking defaults for OT1/cmr/m/n on input line 129.
LaTeX Font Info:    ... okay on input line 129.
LaTeX Font Info:    Checking defaults for OMS/cmsy/m/n on input line 129.
LaTeX Font Info:    ... okay on input line 129.
LaTeX Font Info:    Checking defaults for OMX/cmex/m/n on input line 129.
LaTeX Font Info:    ... okay on input line 129.
LaTeX Font Info:    Checking defaults for U/cmr/m/n on input line 129.
LaTeX Font Info:    ... okay on input line 129.
LaTeX Font Info:    Checking defaults for PD1/pdf/m/n on input line 129.
LaTeX Font Info:    ... okay on input line 129.

("C:\Users\fattd\Apps\Latex App\MiKTeX\tex\context\base\supp-pdf.mkii"
[Loading MPS to PDF converter (version 2006.09.02).]
\scratchcounter=\count375
\scratchdimen=\dimen266
\scratchbox=\box68
\nofMPsegments=\count376
\nofMParguments=\count377
\everyMPshowfont=\toks66
\MPscratchCnt=\count378
\MPscratchDim=\dimen267
\MPnumerator=\count379
\makeMPintoPDFobject=\count380
\everyMPtoPDFconversion=\toks67
)
*geometry* driver: auto-detecting
*geometry* detected driver: pdftex
*geometry* verbose mode - [ preamble ] result:
* driver: pdftex
* paper: a4paper
* layout: <same size as paper>
* layoutoffset:(h,v)=(0.0pt,0.0pt)
* modes: 
* h-part:(L,W,R)=(85.35826pt, 455.24411pt, 56.9055pt)
* v-part:(T,H,B)=(76.82243pt, 677.1756pt, 91.04881pt)
* \paperwidth=597.50787pt
* \paperheight=845.04684pt
* \textwidth=455.24411pt
* \textheight=677.1756pt
* \oddsidemargin=13.08827pt
* \evensidemargin=13.08827pt
* \topmargin=-47.71585pt
* \headheight=18.125pt
* \headsep=34.1433pt
* \topskip=12.0pt
* \footskip=34.1433pt
* \marginparwidth=49.79233pt
* \marginparsep=12.8401pt
* \columnsep=10.0pt
* \skip\footins=10.8pt plus 4.0pt minus 2.0pt
* \hoffset=0.0pt
* \voffset=0.0pt
* \mag=1000
* \@twocolumnfalse
* \@twosidefalse
* \@mparswitchfalse
* \@reversemarginfalse
* (1in=72.27pt=25.4mm, 1cm=28.453pt)

Package caption Info: Begin \AtBeginDocument code.
Package caption Info: subfig package v1.3 is loaded.
Package caption Info: float package is loaded.
Package caption Info: floatflt package is loaded.
Package caption Info: hyperref package is loaded.
Package caption Info: listings package is loaded.
Package caption Info: longtable package is loaded.
("C:\Users\fattd\Apps\Latex App\MiKTeX\tex\latex\caption\ltcaption.sty"
Package: ltcaption 2013/02/03 v1.3-62 longtable captions (AR)
)
Package caption Info: picinpar package is loaded.
Package caption Info: supertabular package is loaded.
Package caption Info: End \AtBeginDocument code.
\AtBeginShipoutBox=\box69
Package hyperref Info: Link coloring ON on input line 129.

("C:\Users\fattd\Apps\Latex App\MiKTeX\tex\latex\hyperref\nameref.sty"
Package: nameref 2012/10/27 v2.43 Cross-referencing by name of section

("C:\Users\fattd\Apps\Latex App\MiKTeX\tex\generic\oberdiek\gettitlestring.sty"
Package: gettitlestring 2010/12/03 v1.4 Cleanup title references (HO)
)
\c@section@level=\count381
)
LaTeX Info: Redefining \ref on input line 129.
LaTeX Info: Redefining \pageref on input line 129.
LaTeX Info: Redefining \nameref on input line 129.
 (user_documentation_hpplan.out) (user_documentation_hpplan.out)
\@outlinefile=\write6
\c@lstlisting=\count382

ABD: EveryShipout initializing macros
Package pgfplots notification 'compat/show suggested version=true': you might b
enefit from \pgfplotsset{compat=1.13} (current compat level: 1.11).

Package biblatex Info: Input encoding 'utf8' detected.
Package biblatex Info: Automatic encoding selection.
(biblatex)             Assuming data encoding 'utf8'.
Package biblatex Info: Trying to load bibliographic data...
Package biblatex Info: ... file 'user_documentation_hpplan.bbl' found.
(user_documentation_hpplan.bbl)
Package biblatex Info: Reference section=0 on input line 129.
Package biblatex Info: Reference segment=0 on input line 129.
LaTeX Font Info:    Try loading font information for U+msa on input line 175.

("C:\Users\fattd\Apps\Latex App\MiKTeX\tex\latex\amsfonts\umsa.fd"
File: umsa.fd 2013/01/14 v3.01 AMS symbols A
)
LaTeX Font Info:    Try loading font information for U+msb on input line 175.

("C:\Users\fattd\Apps\Latex App\MiKTeX\tex\latex\amsfonts\umsb.fd"
File: umsb.fd 2013/01/14 v3.01 AMS symbols B
)
<images/othlogo.png, id=58, 794.97pt x 469.0323pt>
File: images/othlogo.png Graphic file (type png)
 <use images/othlogo.png>
Package pdftex.def Info: images/othlogo.png used on input line 175.
(pdftex.def)             Requested size: 119.24036pt x 70.3518pt.
Package babel Info: Redefining ngerman shorthand "|
(babel)             in language  on input line 197.
Package babel Info: Redefining ngerman shorthand "~
(babel)             in language  on input line 197.
Package babel Info: Redefining ngerman shorthand "|
(babel)             in language  on input line 197.
Package babel Info: Redefining ngerman shorthand "~
(babel)             in language  on input line 197.

[1

{C:/Users/fattd/Apps/Latex App/MiKTeX/pdftex/config/pdftex.map} <./images/othlo
go.png

pdfTeX warning: pdflatex.exe (file ./images/othlogo.png): large interlaced PNG 
might cause out of memory (use non-interlaced PNG to fix this)
>]
Package babel Info: Redefining ngerman shorthand "|
(babel)             in language  on input line 205.
Package babel Info: Redefining ngerman shorthand "~
(babel)             in language  on input line 205.
 (user_documentation_hpplan.toc)
\tf@toc=\write7
Package babel Info: Redefining ngerman shorthand "|
(babel)             in language  on input line 209.
Package babel Info: Redefining ngerman shorthand "~
(babel)             in language  on input line 209.
Package babel Info: Redefining ngerman shorthand "|
(babel)             in language  on input line 209.
Package babel Info: Redefining ngerman shorthand "~
(babel)             in language  on input line 209.
pdfTeX warning (ext4): destination with the same identifier (name{page.I}) has 
been already used, duplicate ignored
<to be read again> 
                   \relax 
l.209 
       [1]
Package babel Info: Redefining ngerman shorthand "|
(babel)             in language  on input line 227.
Package babel Info: Redefining ngerman shorthand "~
(babel)             in language  on input line 227.
Package babel Info: Redefining ngerman shorthand "|
(babel)             in language  on input line 235.
Package babel Info: Redefining ngerman shorthand "~
(babel)             in language  on input line 235.
Package babel Info: Redefining ngerman shorthand "|
(babel)             in language  on input line 235.
Package babel Info: Redefining ngerman shorthand "~
(babel)             in language  on input line 235.
 [1]
Package babel Info: Redefining ngerman shorthand "|
(babel)             in language  on input line 240.
Package babel Info: Redefining ngerman shorthand "~
(babel)             in language  on input line 240.
LaTeX Font Info:    Try loading font information for OMS+cmr on input line 244.

 ("C:\Users\fattd\Apps\Latex App\MiKTeX\tex\latex\base\omscmr.fd"
File: omscmr.fd 2014/09/29 v2.5h Standard LaTeX font definitions
)
LaTeX Font Info:    Font shape `OMS/cmr/m/n' in size <12> not available
(Font)              Font shape `OMS/cmsy/m/n' tried instead on input line 244.
Package babel Info: Redefining ngerman shorthand "|
(babel)             in language  on input line 251.
Package babel Info: Redefining ngerman shorthand "~
(babel)             in language  on input line 251.
Package babel Info: Redefining ngerman shorthand "|
(babel)             in language  on input line 251.
Package babel Info: Redefining ngerman shorthand "~
(babel)             in language  on input line 251.
 [2]
Package babel Info: Redefining ngerman shorthand "|
(babel)             in language  on input line 255.
Package babel Info: Redefining ngerman shorthand "~
(babel)             in language  on input line 255.
 <images/HPPLAN_GUI.png, id=100, 603.75563pt x 475.7775pt>
File: images/HPPLAN_GUI.png Graphic file (type png)

<use images/HPPLAN_GUI.png>
Package pdftex.def Info: images/HPPLAN_GUI.png used on input line 261.
(pdftex.def)             Requested size: 455.24411pt x 358.74155pt.
Package babel Info: Redefining ngerman shorthand "|
(babel)             in language  on input line 266.
Package babel Info: Redefining ngerman shorthand "~
(babel)             in language  on input line 266.
Package babel Info: Redefining ngerman shorthand "|
(babel)             in language  on input line 275.
Package babel Info: Redefining ngerman shorthand "~
(babel)             in language  on input line 275.
Package babel Info: Redefining ngerman shorthand "|
(babel)             in language  on input line 275.
Package babel Info: Redefining ngerman shorthand "~
(babel)             in language  on input line 275.
 [3 <./images/HPPLAN_GUI.png>]
<images/falscheWerte.png, id=108, 272.51813pt x 155.83218pt>
File: images/falscheWerte.png Graphic file (type png)

<use images/falscheWerte.png>
Package pdftex.def Info: images/falscheWerte.png used on input line 282.
(pdftex.def)             Requested size: 227.62206pt x 130.15865pt.

<images/seite2.png, id=109, 760.34062pt x 475.7775pt>
File: images/seite2.png Graphic file (type png)
 <use images/seite2.png>
Package pdftex.def Info: images/seite2.png used on input line 294.
(pdftex.def)             Requested size: 364.19667pt x 227.89871pt.
Package babel Info: Redefining ngerman shorthand "|
(babel)             in language  on input line 300.
Package babel Info: Redefining ngerman shorthand "~
(babel)             in language  on input line 300.
Package babel Info: Redefining ngerman shorthand "|
(babel)             in language  on input line 300.
Package babel Info: Redefining ngerman shorthand "~
(babel)             in language  on input line 300.

[4 <./images/falscheWerte.png> <./images/seite2.png>]
<images/seite3.png, id=119, 603.75563pt x 475.7775pt>
File: images/seite3.png Graphic file (type png)
 <use images/seite3.png>
Package pdftex.def Info: images/seite3.png used on input line 306.
(pdftex.def)             Requested size: 364.19667pt x 286.99324pt.
Package babel Info: Redefining ngerman shorthand "|
(babel)             in language  on input line 312.
Package babel Info: Redefining ngerman shorthand "~
(babel)             in language  on input line 312.
Package babel Info: Redefining ngerman shorthand "|
(babel)             in language  on input line 312.
Package babel Info: Redefining ngerman shorthand "~
(babel)             in language  on input line 312.

[5 <./images/seite3.png>]
<images/seite4.png, id=127, 603.75563pt x 475.7775pt>
File: images/seite4.png Graphic file (type png)
 <use images/seite4.png>
Package pdftex.def Info: images/seite4.png used on input line 318.
(pdftex.def)             Requested size: 364.19667pt x 286.99324pt.
Package babel Info: Redefining ngerman shorthand "|
(babel)             in language  on input line 324.
Package babel Info: Redefining ngerman shorthand "~
(babel)             in language  on input line 324.
Package babel Info: Redefining ngerman shorthand "|
(babel)             in language  on input line 324.
Package babel Info: Redefining ngerman shorthand "~
(babel)             in language  on input line 324.

[6 <./images/seite4.png>]
<images/seite5.png, id=136, 760.34062pt x 475.7775pt>
File: images/seite5.png Graphic file (type png)
 <use images/seite5.png>
Package pdftex.def Info: images/seite5.png used on input line 330.
(pdftex.def)             Requested size: 364.19667pt x 227.89871pt.

<images/seite6.png, id=137, 760.34062pt x 475.7775pt>
File: images/seite6.png Graphic file (type png)
 <use images/seite6.png>
Package pdftex.def Info: images/seite6.png used on input line 340.
(pdftex.def)             Requested size: 364.19667pt x 227.89871pt.
Package babel Info: Redefining ngerman shorthand "|
(babel)             in language  on input line 347.
Package babel Info: Redefining ngerman shorthand "~
(babel)             in language  on input line 347.
Package babel Info: Redefining ngerman shorthand "|
(babel)             in language  on input line 347.
Package babel Info: Redefining ngerman shorthand "~
(babel)             in language  on input line 347.

[7 <./images/seite5.png> <./images/seite6.png>]
<images/seite7.png, id=146, 760.34062pt x 475.7775pt>
File: images/seite7.png Graphic file (type png)
 <use images/seite7.png>
Package pdftex.def Info: images/seite7.png used on input line 350.
(pdftex.def)             Requested size: 364.19667pt x 227.89871pt.
Package babel Info: Redefining ngerman shorthand "|
(babel)             in language  on input line 356.
Package babel Info: Redefining ngerman shorthand "~
(babel)             in language  on input line 356.
Package babel Info: Redefining ngerman shorthand "|
(babel)             in language  on input line 356.
Package babel Info: Redefining ngerman shorthand "~
(babel)             in language  on input line 356.

[8 <./images/seite7.png>]
Overfull \hbox (6.32222pt too wide) in paragraph at lines 358--359
[] []\OT1/cmss/bx/n/12 Ein-ga-be - Sei-te 8[] \OT1/cmr/m/n/12 Sei-te 8 er-laubt
 die Fest-le-gung des ILOG Pa-ra-me-ters EP-GAP (\Relative
 []

<images/seite8.png, id=153, 603.75563pt x 475.7775pt>
File: images/seite8.png Graphic file (type png)
 <use images/seite8.png>
Package pdftex.def Info: images/seite8.png used on input line 362.
(pdftex.def)             Requested size: 364.19667pt x 286.99324pt.
Package babel Info: Redefining ngerman shorthand "|
(babel)             in language  on input line 367.
Package babel Info: Redefining ngerman shorthand "~
(babel)             in language  on input line 367.
Package babel Info: Redefining ngerman shorthand "|
(babel)             in language  on input line 380.
Package babel Info: Redefining ngerman shorthand "~
(babel)             in language  on input line 380.
Package babel Info: Redefining ngerman shorthand "|
(babel)             in language  on input line 382.
Package babel Info: Redefining ngerman shorthand "~
(babel)             in language  on input line 382.
Package babel Info: Redefining ngerman shorthand "|
(babel)             in language  on input line 382.
Package babel Info: Redefining ngerman shorthand "~
(babel)             in language  on input line 382.

[9 <./images/seite8.png>]
Package babel Info: Redefining ngerman shorthand "|
(babel)             in language  on input line 383.
Package babel Info: Redefining ngerman shorthand "~
(babel)             in language  on input line 383.
Package babel Info: Redefining ngerman shorthand "|
(babel)             in language  on input line 386.
Package babel Info: Redefining ngerman shorthand "~
(babel)             in language  on input line 386.
Package babel Info: Redefining ngerman shorthand "|
(babel)             in language  on input line 389.
Package babel Info: Redefining ngerman shorthand "~
(babel)             in language  on input line 389.

<images/stapelverarbeitung.png, id=160, 423.83344pt x 261.97874pt>
File: images/stapelverarbeitung.png Graphic file (type png)

<use images/stapelverarbeitung.png>
Package pdftex.def Info: images/stapelverarbeitung.png used on input line 394.
(pdftex.def)             Requested size: 318.66948pt x 196.98326pt.
Package babel Info: Redefining ngerman shorthand "|
(babel)             in language  on input line 401.
Package babel Info: Redefining ngerman shorthand "~
(babel)             in language  on input line 401.
Package babel Info: Redefining ngerman shorthand "|
(babel)             in language  on input line 403.
Package babel Info: Redefining ngerman shorthand "~
(babel)             in language  on input line 403.
Package babel Info: Redefining ngerman shorthand "|
(babel)             in language  on input line 403.
Package babel Info: Redefining ngerman shorthand "~
(babel)             in language  on input line 403.
 [10 <./images/stapelverarbeitung.png>]
<images/loesung.png, id=166, 603.75563pt x 630.10406pt>
File: images/loesung.png Graphic file (type png)

<use images/loesung.png>
Package pdftex.def Info: images/loesung.png used on input line 406.
(pdftex.def)             Requested size: 455.24411pt x 475.10553pt.
Package babel Info: Redefining ngerman shorthand "|
(babel)             in language  on input line 412.
Package babel Info: Redefining ngerman shorthand "~
(babel)             in language  on input line 412.
Package babel Info: Redefining ngerman shorthand "|
(babel)             in language  on input line 412.
Package babel Info: Redefining ngerman shorthand "~
(babel)             in language  on input line 412.
 [11 <./images/loesung.png>]
Package babel Info: Redefining ngerman shorthand "|
(babel)             in language  on input line 430.
Package babel Info: Redefining ngerman shorthand "~
(babel)             in language  on input line 430.

(user_documentation_hpplan.lof)
\tf@lof=\write8
Package babel Info: Redefining ngerman shorthand "|
(babel)             in language  on input line 432.
Package babel Info: Redefining ngerman shorthand "~
(babel)             in language  on input line 432.
Package babel Info: Redefining ngerman shorthand "|
(babel)             in language  on input line 432.
Package babel Info: Redefining ngerman shorthand "~
(babel)             in language  on input line 432.
 [12]
Package babel Info: Redefining ngerman shorthand "|
(babel)             in language  on input line 440.
Package babel Info: Redefining ngerman shorthand "~
(babel)             in language  on input line 440.
Package babel Info: Redefining ngerman shorthand "|
(babel)             in language  on input line 446.
Package babel Info: Redefining ngerman shorthand "~
(babel)             in language  on input line 446.
Package babel Info: Redefining ngerman shorthand "|
(babel)             in language  on input line 446.
Package babel Info: Redefining ngerman shorthand "~
(babel)             in language  on input line 446.
 [13]
Package atveryend Info: Empty hook `BeforeClearDocument' on input line 446.
Package atveryend Info: Empty hook `AfterLastShipout' on input line 446.
 (user_documentation_hpplan.aux)
Package atveryend Info: Executing hook `AtVeryEndDocument' on input line 446.
Package atveryend Info: Executing hook `AtEndAfterFileList' on input line 446.
Package rerunfilecheck Info: File `user_documentation_hpplan.out' has not chang
ed.
(rerunfilecheck)             Checksum: 62F1E55B3A887C72AF5A6D7A441D3E1A;919.
Package logreq Info: Writing requests to 'user_documentation_hpplan.run.xml'.
Package atveryend Info: Empty hook `AtVeryVeryEnd' on input line 446.
 ) 
Here is how much of TeX's memory you used:
 42163 strings out of 493698
 895416 string characters out of 3146510
 1538024 words of memory out of 3000000
 44673 multiletter control sequences out of 15000+200000
 11293 words of font info for 42 fonts, out of 3000000 for 9000
 1029 hyphenation exceptions out of 8191
 73i,12n,83p,1939b,1592s stack positions out of 5000i,500n,10000p,200000b,50000s
<C:/Users/fattd/Apps/Latex App/MiKTeX/fonts/type1/public/amsfonts/cm/cmbx12.p
fb><C:/Users/fattd/Apps/Latex App/MiKTeX/fonts/type1/public/amsfonts/cm/cmr12.p
fb><C:/Users/fattd/Apps/Latex App/MiKTeX/fonts/type1/public/amsfonts/cm/cmss10.
pfb><C:/Users/fattd/Apps/Latex App/MiKTeX/fonts/type1/public/amsfonts/cm/cmssbx
10.pfb><C:/Users/fattd/Apps/Latex App/MiKTeX/fonts/type1/public/amsfonts/cm/cms
y10.pfb>
Output written on user_documentation_hpplan.pdf (15 pages, 559620 bytes).
PDF statistics:
 225 PDF objects out of 1000 (max. 8388607)
 49 named destinations out of 1000 (max. 500000)
 177 words of extra memory for PDF output out of 10000 (max. 10000000)

